::1 - - [2019-5-1 16:11:24] "GET /api/getUsername?username=admin HTTP/1.1" 304 - "-" "Mozilla/5.0 (Windows NT 10.0; WOW64) AppleWebKit/537.36 (KHTML, like Gecko) Chrome/65.0.3325.181 Safari/537.36"
::1 - - [2019-5-1 16:11:25] "GET /api/getUsername?username=admin HTTP/1.1" 304 - "-" "Mozilla/5.0 (Windows NT 10.0; WOW64) AppleWebKit/537.36 (KHTML, like Gecko) Chrome/65.0.3325.181 Safari/537.36"
::1 - - [2019-5-1 16:35:48] "OPTIONS /api/setDownload HTTP/1.1" 200 4 "-" "Mozilla/5.0 (Windows NT 10.0; WOW64) AppleWebKit/537.36 (KHTML, like Gecko) Chrome/65.0.3325.181 Safari/537.36"
::1 - - [2019-5-1 16:35:49] "POST /api/setDownload HTTP/1.1" 500 1090 "http://localhost:8989/" "Mozilla/5.0 (Windows NT 10.0; WOW64) AppleWebKit/537.36 (KHTML, like Gecko) Chrome/65.0.3325.181 Safari/537.36"
::1 - - [2019-5-1 16:36:23] "OPTIONS /api/setDownload HTTP/1.1" 200 4 "-" "Mozilla/5.0 (Windows NT 10.0; WOW64) AppleWebKit/537.36 (KHTML, like Gecko) Chrome/65.0.3325.181 Safari/537.36"
::1 - - [2019-5-1 16:36:23] "POST /api/setDownload HTTP/1.1" 500 1090 "http://localhost:8989/" "Mozilla/5.0 (Windows NT 10.0; WOW64) AppleWebKit/537.36 (KHTML, like Gecko) Chrome/65.0.3325.181 Safari/537.36"
::1 - - [2019-5-1 16:38:21] "GET /api/getDownload HTTP/1.1" 500 1089 "http://localhost:8989/" "Mozilla/5.0 (Windows NT 10.0; WOW64) AppleWebKit/537.36 (KHTML, like Gecko) Chrome/65.0.3325.181 Safari/537.36"
::1 - - [2019-5-1 16:38:37] "GET /api/getDownload HTTP/1.1" 500 1089 "http://localhost:8989/" "Mozilla/5.0 (Windows NT 10.0; WOW64) AppleWebKit/537.36 (KHTML, like Gecko) Chrome/65.0.3325.181 Safari/537.36"
::1 - - [2019-5-1 16:39:33] "GET /api/getDownload HTTP/1.1" 500 1089 "http://localhost:8989/" "Mozilla/5.0 (Windows NT 10.0; WOW64) AppleWebKit/537.36 (KHTML, like Gecko) Chrome/65.0.3325.181 Safari/537.36"
::1 - - [2019-5-1 16:40:41] "GET /api/getDownload HTTP/1.1" 500 1089 "http://localhost:8989/" "Mozilla/5.0 (Windows NT 10.0; WOW64) AppleWebKit/537.36 (KHTML, like Gecko) Chrome/65.0.3325.181 Safari/537.36"
::1 - - [2019-5-1 16:43:12] "GET /api/getDownload HTTP/1.1" 500 1089 "http://localhost:8989/" "Mozilla/5.0 (Windows NT 10.0; WOW64) AppleWebKit/537.36 (KHTML, like Gecko) Chrome/65.0.3325.181 Safari/537.36"
::1 - - [2019-5-1 16:45:24] "GET /api/getUsername?username=admin HTTP/1.1" 304 - "http://localhost:8989/" "Mozilla/5.0 (Windows NT 10.0; WOW64) AppleWebKit/537.36 (KHTML, like Gecko) Chrome/65.0.3325.181 Safari/537.36"
::1 - - [2019-5-1 16:45:25] "GET /api/getDownload HTTP/1.1" 500 1089 "http://localhost:8989/" "Mozilla/5.0 (Windows NT 10.0; WOW64) AppleWebKit/537.36 (KHTML, like Gecko) Chrome/65.0.3325.181 Safari/537.36"
::1 - - [2019-5-1 16:45:53] "GET /api/getUsername?username=admin HTTP/1.1" 304 - "http://localhost:8989/" "Mozilla/5.0 (Windows NT 10.0; WOW64) AppleWebKit/537.36 (KHTML, like Gecko) Chrome/65.0.3325.181 Safari/537.36"
::1 - - [2019-5-1 16:45:54] "GET /api/getDownload HTTP/1.1" 500 1089 "http://localhost:8989/" "Mozilla/5.0 (Windows NT 10.0; WOW64) AppleWebKit/537.36 (KHTML, like Gecko) Chrome/65.0.3325.181 Safari/537.36"
::1 - - [2019-5-1 16:46:25] "OPTIONS /api/setDownload HTTP/1.1" 200 4 "-" "Mozilla/5.0 (Windows NT 10.0; WOW64) AppleWebKit/537.36 (KHTML, like Gecko) Chrome/65.0.3325.181 Safari/537.36"
::1 - - [2019-5-1 16:46:26] "POST /api/setDownload HTTP/1.1" 500 1090 "http://localhost:8989/" "Mozilla/5.0 (Windows NT 10.0; WOW64) AppleWebKit/537.36 (KHTML, like Gecko) Chrome/65.0.3325.181 Safari/537.36"
::1 - - [2019-5-1 16:50:40] "GET /api/getDownload HTTP/1.1" 500 1089 "http://localhost:8989/" "Mozilla/5.0 (Windows NT 10.0; WOW64) AppleWebKit/537.36 (KHTML, like Gecko) Chrome/65.0.3325.181 Safari/537.36"
::1 - - [2019-5-1 16:50:49] "GET /api/getDownload HTTP/1.1" 500 1089 "http://localhost:8989/" "Mozilla/5.0 (Windows NT 10.0; WOW64) AppleWebKit/537.36 (KHTML, like Gecko) Chrome/65.0.3325.181 Safari/537.36"
::1 - - [2019-5-1 16:52:23] "GET /api/getDownload HTTP/1.1" 200 790 "http://localhost:8989/" "Mozilla/5.0 (Windows NT 10.0; WOW64) AppleWebKit/537.36 (KHTML, like Gecko) Chrome/65.0.3325.181 Safari/537.36"
::1 - - [2019-5-1 16:52:37] "GET /api/getDownload HTTP/1.1" 304 - "http://localhost:8989/" "Mozilla/5.0 (Windows NT 10.0; WOW64) AppleWebKit/537.36 (KHTML, like Gecko) Chrome/65.0.3325.181 Safari/537.36"
::1 - - [2019-5-1 16:52:43] "OPTIONS /api/setDownload HTTP/1.1" 200 4 "-" "Mozilla/5.0 (Windows NT 10.0; WOW64) AppleWebKit/537.36 (KHTML, like Gecko) Chrome/65.0.3325.181 Safari/537.36"
::1 - - [2019-5-1 16:52:43] "POST /api/setDownload HTTP/1.1" 200 127 "http://localhost:8989/" "Mozilla/5.0 (Windows NT 10.0; WOW64) AppleWebKit/537.36 (KHTML, like Gecko) Chrome/65.0.3325.181 Safari/537.36"
::1 - - [2019-5-1 16:52:46] "GET /api/getDownload HTTP/1.1" 200 844 "http://localhost:8989/" "Mozilla/5.0 (Windows NT 10.0; WOW64) AppleWebKit/537.36 (KHTML, like Gecko) Chrome/65.0.3325.181 Safari/537.36"
::1 - - [2019-5-1 16:53:11] "GET /api/getDownload HTTP/1.1" 200 790 "http://localhost:8989/" "Mozilla/5.0 (Windows NT 10.0; WOW64) AppleWebKit/537.36 (KHTML, like Gecko) Chrome/65.0.3325.181 Safari/537.36"
::1 - - [2019-5-1 16:53:50] "GET /api/getDownload HTTP/1.1" 304 - "http://localhost:8989/" "Mozilla/5.0 (Windows NT 10.0; WOW64) AppleWebKit/537.36 (KHTML, like Gecko) Chrome/65.0.3325.181 Safari/537.36"
::1 - - [2019-5-1 16:53:53] "GET /api/getDownload HTTP/1.1" 304 - "http://localhost:8989/" "Mozilla/5.0 (Windows NT 10.0; WOW64) AppleWebKit/537.36 (KHTML, like Gecko) Chrome/65.0.3325.181 Safari/537.36"
::1 - - [2019-5-1 16:59:40] "GET /api/getDownload HTTP/1.1" 304 - "http://localhost:8989/" "Mozilla/5.0 (Windows NT 10.0; WOW64) AppleWebKit/537.36 (KHTML, like Gecko) Chrome/65.0.3325.181 Safari/537.36"
::1 - - [2019-5-1 17:8:22] "GET /api/getUsername?username=admin HTTP/1.1" 304 - "http://localhost:8989/" "Mozilla/5.0 (Windows NT 10.0; WOW64) AppleWebKit/537.36 (KHTML, like Gecko) Chrome/65.0.3325.181 Safari/537.36"
::1 - - [2019-5-1 17:8:24] "GET /api/getDownload HTTP/1.1" 304 - "http://localhost:8989/" "Mozilla/5.0 (Windows NT 10.0; WOW64) AppleWebKit/537.36 (KHTML, like Gecko) Chrome/65.0.3325.181 Safari/537.36"
::1 - - [2019-5-1 17:10:28] "GET /api/getDownload HTTP/1.1" 304 - "http://localhost:8989/" "Mozilla/5.0 (Windows NT 10.0; WOW64) AppleWebKit/537.36 (KHTML, like Gecko) Chrome/65.0.3325.181 Safari/537.36"
::1 - - [2019-5-1 17:11:14] "GET /api/getUsername?username=admin HTTP/1.1" 304 - "http://localhost:8989/" "Mozilla/5.0 (Windows NT 10.0; WOW64) AppleWebKit/537.36 (KHTML, like Gecko) Chrome/65.0.3325.181 Safari/537.36"
::1 - - [2019-5-1 17:14:16] "GET /api/getDownload HTTP/1.1" 304 - "http://localhost:8989/" "Mozilla/5.0 (Windows NT 10.0; WOW64) AppleWebKit/537.36 (KHTML, like Gecko) Chrome/65.0.3325.181 Safari/537.36"
::1 - - [2019-5-1 17:14:27] "GET /api/getDownload HTTP/1.1" 304 - "http://localhost:8989/" "Mozilla/5.0 (Windows NT 10.0; WOW64) AppleWebKit/537.36 (KHTML, like Gecko) Chrome/65.0.3325.181 Safari/537.36"
::1 - - [2019-5-1 17:14:40] "GET /api/getDownload HTTP/1.1" 304 - "http://localhost:8989/" "Mozilla/5.0 (Windows NT 10.0; WOW64) AppleWebKit/537.36 (KHTML, like Gecko) Chrome/65.0.3325.181 Safari/537.36"
::1 - - [2019-5-1 17:14:44] "GET /api/getDownload HTTP/1.1" 304 - "http://localhost:8989/" "Mozilla/5.0 (Windows NT 10.0; WOW64) AppleWebKit/537.36 (KHTML, like Gecko) Chrome/65.0.3325.181 Safari/537.36"
::1 - - [2019-5-1 17:16:7] "GET /api/getDownload HTTP/1.1" 304 - "http://localhost:8989/" "Mozilla/5.0 (Windows NT 10.0; WOW64) AppleWebKit/537.36 (KHTML, like Gecko) Chrome/65.0.3325.181 Safari/537.36"
::1 - - [2019-5-1 17:16:22] "GET /api/getDownload HTTP/1.1" 304 - "http://localhost:8989/" "Mozilla/5.0 (Windows NT 10.0; WOW64) AppleWebKit/537.36 (KHTML, like Gecko) Chrome/65.0.3325.181 Safari/537.36"
::1 - - [2019-5-1 17:16:31] "GET /api/getDownload HTTP/1.1" 304 - "http://localhost:8989/" "Mozilla/5.0 (Windows NT 10.0; WOW64) AppleWebKit/537.36 (KHTML, like Gecko) Chrome/65.0.3325.181 Safari/537.36"
::1 - - [2019-5-1 17:20:8] "GET /api/getDownload HTTP/1.1" 304 - "http://localhost:8989/" "Mozilla/5.0 (Windows NT 10.0; WOW64) AppleWebKit/537.36 (KHTML, like Gecko) Chrome/65.0.3325.181 Safari/537.36"
::1 - - [2019-5-1 17:20:20] "GET /api/getDownload HTTP/1.1" 304 - "http://localhost:8989/" "Mozilla/5.0 (Windows NT 10.0; WOW64) AppleWebKit/537.36 (KHTML, like Gecko) Chrome/65.0.3325.181 Safari/537.36"
::1 - - [2019-5-1 17:50:10] "GET /api/getDownload HTTP/1.1" 304 - "http://localhost:8989/" "Mozilla/5.0 (Windows NT 10.0; WOW64) AppleWebKit/537.36 (KHTML, like Gecko) Chrome/65.0.3325.181 Safari/537.36"
::1 - - [2019-5-1 19:6:55] "GET /api/getDownload HTTP/1.1" 304 - "http://localhost:8989/" "Mozilla/5.0 (iPhone; CPU iPhone OS 11_0 like Mac OS X) AppleWebKit/604.1.38 (KHTML, like Gecko) Version/11.0 Mobile/15A372 Safari/604.1"
::1 - - [2019-5-1 19:10:46] "GET /api/getZhujian HTTP/1.1" 200 2 "http://localhost:8989/" "Mozilla/5.0 (iPhone; CPU iPhone OS 11_0 like Mac OS X) AppleWebKit/604.1.38 (KHTML, like Gecko) Version/11.0 Mobile/15A372 Safari/604.1"
::1 - - [2019-5-1 19:10:48] "GET /api/getZhujian HTTP/1.1" 304 - "http://localhost:8989/" "Mozilla/5.0 (iPhone; CPU iPhone OS 11_0 like Mac OS X) AppleWebKit/604.1.38 (KHTML, like Gecko) Version/11.0 Mobile/15A372 Safari/604.1"
::1 - - [2019-5-1 19:11:9] "GET /api/getZhujian HTTP/1.1" 200 46 "http://localhost:8989/" "Mozilla/5.0 (iPhone; CPU iPhone OS 11_0 like Mac OS X) AppleWebKit/604.1.38 (KHTML, like Gecko) Version/11.0 Mobile/15A372 Safari/604.1"
::1 - - [2019-5-1 19:11:49] "GET /api/getZhujian HTTP/1.1" 200 44 "http://localhost:8989/" "Mozilla/5.0 (iPhone; CPU iPhone OS 11_0 like Mac OS X) AppleWebKit/604.1.38 (KHTML, like Gecko) Version/11.0 Mobile/15A372 Safari/604.1"
::1 - - [2019-5-1 19:13:56] "GET /api/getZhujian HTTP/1.1" 200 102 "http://localhost:8989/" "Mozilla/5.0 (iPhone; CPU iPhone OS 11_0 like Mac OS X) AppleWebKit/604.1.38 (KHTML, like Gecko) Version/11.0 Mobile/15A372 Safari/604.1"
::1 - - [2019-5-1 19:31:50] "GET /api/Zhujian HTTP/1.1" 404 1012 "http://localhost:8989/" "Mozilla/5.0 (iPhone; CPU iPhone OS 11_0 like Mac OS X) AppleWebKit/604.1.38 (KHTML, like Gecko) Version/11.0 Mobile/15A372 Safari/604.1"
::1 - - [2019-5-1 19:32:8] "GET /api/getZhujian HTTP/1.1" 304 - "http://localhost:8989/" "Mozilla/5.0 (iPhone; CPU iPhone OS 11_0 like Mac OS X) AppleWebKit/604.1.38 (KHTML, like Gecko) Version/11.0 Mobile/15A372 Safari/604.1"
::1 - - [2019-5-1 19:33:15] "GET /api/getZhujian HTTP/1.1" 304 - "http://localhost:8989/" "Mozilla/5.0 (iPhone; CPU iPhone OS 11_0 like Mac OS X) AppleWebKit/604.1.38 (KHTML, like Gecko) Version/11.0 Mobile/15A372 Safari/604.1"
::1 - - [2019-5-1 19:35:13] "GET /api/getZhujian HTTP/1.1" 304 - "http://localhost:8989/" "Mozilla/5.0 (iPhone; CPU iPhone OS 11_0 like Mac OS X) AppleWebKit/604.1.38 (KHTML, like Gecko) Version/11.0 Mobile/15A372 Safari/604.1"
::1 - - [2019-5-1 19:47:43] "GET /api/getZhujian HTTP/1.1" 304 - "http://localhost:8989/" "Mozilla/5.0 (iPhone; CPU iPhone OS 11_0 like Mac OS X) AppleWebKit/604.1.38 (KHTML, like Gecko) Version/11.0 Mobile/15A372 Safari/604.1"
::1 - - [2019-5-1 19:53:54] "GET /api/getZhujian?tableName=zhujian HTTP/1.1" 200 102 "http://localhost:8989/" "Mozilla/5.0 (iPhone; CPU iPhone OS 11_0 like Mac OS X) AppleWebKit/604.1.38 (KHTML, like Gecko) Version/11.0 Mobile/15A372 Safari/604.1"
::1 - - [2019-5-1 19:58:23] "GET /api/getZhujian?tableName=Zhujian HTTP/1.1" 200 102 "http://localhost:8989/" "Mozilla/5.0 (iPhone; CPU iPhone OS 11_0 like Mac OS X) AppleWebKit/604.1.38 (KHTML, like Gecko) Version/11.0 Mobile/15A372 Safari/604.1"
::1 - - [2019-5-1 19:58:26] "GET /api/getundefined HTTP/1.1" 404 1012 "http://localhost:8989/" "Mozilla/5.0 (iPhone; CPU iPhone OS 11_0 like Mac OS X) AppleWebKit/604.1.38 (KHTML, like Gecko) Version/11.0 Mobile/15A372 Safari/604.1"
::1 - - [2019-5-1 19:58:35] "GET /api/getundefined HTTP/1.1" 404 1012 "http://localhost:8989/" "Mozilla/5.0 (iPhone; CPU iPhone OS 11_0 like Mac OS X) AppleWebKit/604.1.38 (KHTML, like Gecko) Version/11.0 Mobile/15A372 Safari/604.1"
::1 - - [2019-5-1 20:0:54] "GET /api/getZhujian?tableName=Zhujian HTTP/1.1" 304 - "http://localhost:8989/" "Mozilla/5.0 (iPhone; CPU iPhone OS 11_0 like Mac OS X) AppleWebKit/604.1.38 (KHTML, like Gecko) Version/11.0 Mobile/15A372 Safari/604.1"
::1 - - [2019-5-1 20:8:20] "GET /api/getZhujian?tableName=Zhujian HTTP/1.1" 304 - "http://localhost:8989/" "Mozilla/5.0 (iPhone; CPU iPhone OS 11_0 like Mac OS X) AppleWebKit/604.1.38 (KHTML, like Gecko) Version/11.0 Mobile/15A372 Safari/604.1"
::1 - - [2019-5-1 20:11:22] "GET /api/getZhujian?tableName=Zhujian HTTP/1.1" 304 - "http://localhost:8989/" "Mozilla/5.0 (iPhone; CPU iPhone OS 11_0 like Mac OS X) AppleWebKit/604.1.38 (KHTML, like Gecko) Version/11.0 Mobile/15A372 Safari/604.1"
::1 - - [2019-5-1 20:11:27] "GET /api/getZhujian?tableName=Zhujian HTTP/1.1" 304 - "http://localhost:8989/" "Mozilla/5.0 (iPhone; CPU iPhone OS 11_0 like Mac OS X) AppleWebKit/604.1.38 (KHTML, like Gecko) Version/11.0 Mobile/15A372 Safari/604.1"
::1 - - [2019-5-1 20:11:40] "GET /api/getyilai?tableName=yilai HTTP/1.1" 404 1012 "http://localhost:8989/" "Mozilla/5.0 (iPhone; CPU iPhone OS 11_0 like Mac OS X) AppleWebKit/604.1.38 (KHTML, like Gecko) Version/11.0 Mobile/15A372 Safari/604.1"
::1 - - [2019-5-1 20:11:43] "GET /api/getyilai?tableName=yilai HTTP/1.1" 404 1012 "http://localhost:8989/" "Mozilla/5.0 (iPhone; CPU iPhone OS 11_0 like Mac OS X) AppleWebKit/604.1.38 (KHTML, like Gecko) Version/11.0 Mobile/15A372 Safari/604.1"
::1 - - [2019-5-1 20:13:42] "GET /api/getZhujina?tableName=Zhujian HTTP/1.1" 404 1012 "http://localhost:8989/" "Mozilla/5.0 (iPhone; CPU iPhone OS 11_0 like Mac OS X) AppleWebKit/604.1.38 (KHTML, like Gecko) Version/11.0 Mobile/15A372 Safari/604.1"
::1 - - [2019-5-1 20:14:3] "GET /api/getZhujina?tableName=Zhujian HTTP/1.1" 404 1012 "http://localhost:8989/" "Mozilla/5.0 (iPhone; CPU iPhone OS 11_0 like Mac OS X) AppleWebKit/604.1.38 (KHTML, like Gecko) Version/11.0 Mobile/15A372 Safari/604.1"
::1 - - [2019-5-1 20:14:40] "GET /api/getZhujian?tableName=Zhujian HTTP/1.1" 304 - "http://localhost:8989/" "Mozilla/5.0 (iPhone; CPU iPhone OS 11_0 like Mac OS X) AppleWebKit/604.1.38 (KHTML, like Gecko) Version/11.0 Mobile/15A372 Safari/604.1"
::1 - - [2019-5-1 20:14:54] "GET /api/getZhujian?tableName=Zhujian HTTP/1.1" 304 - "http://localhost:8989/" "Mozilla/5.0 (iPhone; CPU iPhone OS 11_0 like Mac OS X) AppleWebKit/604.1.38 (KHTML, like Gecko) Version/11.0 Mobile/15A372 Safari/604.1"
::1 - - [2019-5-1 20:14:58] "GET /api/getZhujian?tableName=Zhujian HTTP/1.1" 304 - "http://localhost:8989/" "Mozilla/5.0 (iPhone; CPU iPhone OS 11_0 like Mac OS X) AppleWebKit/604.1.38 (KHTML, like Gecko) Version/11.0 Mobile/15A372 Safari/604.1"
::1 - - [2019-5-1 20:15:0] "GET /api/getZhujian?tableName=yilai HTTP/1.1" 200 102 "http://localhost:8989/" "Mozilla/5.0 (iPhone; CPU iPhone OS 11_0 like Mac OS X) AppleWebKit/604.1.38 (KHTML, like Gecko) Version/11.0 Mobile/15A372 Safari/604.1"
::1 - - [2019-5-1 20:15:4] "GET /api/getZhujian?tableName=yilai HTTP/1.1" 304 - "http://localhost:8989/" "Mozilla/5.0 (iPhone; CPU iPhone OS 11_0 like Mac OS X) AppleWebKit/604.1.38 (KHTML, like Gecko) Version/11.0 Mobile/15A372 Safari/604.1"
::1 - - [2019-5-1 20:15:54] "GET /api/getZhujian?tableName=yilai HTTP/1.1" 304 - "http://localhost:8989/" "Mozilla/5.0 (iPhone; CPU iPhone OS 11_0 like Mac OS X) AppleWebKit/604.1.38 (KHTML, like Gecko) Version/11.0 Mobile/15A372 Safari/604.1"
::1 - - [2019-5-1 20:17:24] "GET /api/getZhujian?tableName=yilai HTTP/1.1" 304 - "http://localhost:8989/" "Mozilla/5.0 (iPhone; CPU iPhone OS 11_0 like Mac OS X) AppleWebKit/604.1.38 (KHTML, like Gecko) Version/11.0 Mobile/15A372 Safari/604.1"
::1 - - [2019-5-1 20:17:28] "GET /api/getZhujian?tableName=Zhujian HTTP/1.1" 304 - "http://localhost:8989/" "Mozilla/5.0 (iPhone; CPU iPhone OS 11_0 like Mac OS X) AppleWebKit/604.1.38 (KHTML, like Gecko) Version/11.0 Mobile/15A372 Safari/604.1"
::1 - - [2019-5-1 20:17:57] "GET /api/getZhujian?tableName=yilai HTTP/1.1" 304 - "http://localhost:8989/" "Mozilla/5.0 (iPhone; CPU iPhone OS 11_0 like Mac OS X) AppleWebKit/604.1.38 (KHTML, like Gecko) Version/11.0 Mobile/15A372 Safari/604.1"
::1 - - [2019-5-1 20:20:57] "GET /api/getZhujian?tableName=yilai HTTP/1.1" 304 - "http://localhost:8989/" "Mozilla/5.0 (iPhone; CPU iPhone OS 11_0 like Mac OS X) AppleWebKit/604.1.38 (KHTML, like Gecko) Version/11.0 Mobile/15A372 Safari/604.1"
::1 - - [2019-5-1 20:24:3] "GET /api/getZhujian?tableName=yilai HTTP/1.1" 200 - "http://localhost:8989/" "Mozilla/5.0 (iPhone; CPU iPhone OS 11_0 like Mac OS X) AppleWebKit/604.1.38 (KHTML, like Gecko) Version/11.0 Mobile/15A372 Safari/604.1"
::1 - - [2019-5-1 20:24:12] "GET /api/getZhujian?tableName=Zhujian HTTP/1.1" 200 - "http://localhost:8989/" "Mozilla/5.0 (iPhone; CPU iPhone OS 11_0 like Mac OS X) AppleWebKit/604.1.38 (KHTML, like Gecko) Version/11.0 Mobile/15A372 Safari/604.1"
::1 - - [2019-5-1 20:26:38] "GET /api/getZhujian?tableName=Zhujian HTTP/1.1" 200 - "http://localhost:8989/" "Mozilla/5.0 (iPhone; CPU iPhone OS 11_0 like Mac OS X) AppleWebKit/604.1.38 (KHTML, like Gecko) Version/11.0 Mobile/15A372 Safari/604.1"
::1 - - [2019-5-1 20:29:2] "GET /api/getZhujian?tableName=Zhujian HTTP/1.1" 200 - "http://localhost:8989/" "Mozilla/5.0 (iPhone; CPU iPhone OS 11_0 like Mac OS X) AppleWebKit/604.1.38 (KHTML, like Gecko) Version/11.0 Mobile/15A372 Safari/604.1"
::1 - - [2019-5-1 20:29:22] "GET /api/getZhujian?tableName=Zhujian HTTP/1.1" 200 - "http://localhost:8989/" "Mozilla/5.0 (iPhone; CPU iPhone OS 11_0 like Mac OS X) AppleWebKit/604.1.38 (KHTML, like Gecko) Version/11.0 Mobile/15A372 Safari/604.1"
::1 - - [2019-5-1 20:29:42] "GET /api/getZhujian?tableName=Zhujian HTTP/1.1" 200 - "http://localhost:8989/" "Mozilla/5.0 (iPhone; CPU iPhone OS 11_0 like Mac OS X) AppleWebKit/604.1.38 (KHTML, like Gecko) Version/11.0 Mobile/15A372 Safari/604.1"
::1 - - [2019-5-1 20:30:48] "GET /api/getZhujian?tableName=Zhujian HTTP/1.1" 200 - "http://localhost:8989/" "Mozilla/5.0 (iPhone; CPU iPhone OS 11_0 like Mac OS X) AppleWebKit/604.1.38 (KHTML, like Gecko) Version/11.0 Mobile/15A372 Safari/604.1"
::1 - - [2019-5-1 20:32:56] "GET /api/getZhujian?tableName=Zhujian HTTP/1.1" 200 - "http://localhost:8989/" "Mozilla/5.0 (iPhone; CPU iPhone OS 11_0 like Mac OS X) AppleWebKit/604.1.38 (KHTML, like Gecko) Version/11.0 Mobile/15A372 Safari/604.1"
::1 - - [2019-5-1 20:33:18] "GET /api/getZhujian?tableName=Zhujian HTTP/1.1" 200 - "http://localhost:8989/" "Mozilla/5.0 (iPhone; CPU iPhone OS 11_0 like Mac OS X) AppleWebKit/604.1.38 (KHTML, like Gecko) Version/11.0 Mobile/15A372 Safari/604.1"
::1 - - [2019-5-1 20:33:30] "GET /api/getZhujian?tableName=Zhujian HTTP/1.1" 200 - "http://localhost:8989/" "Mozilla/5.0 (iPhone; CPU iPhone OS 11_0 like Mac OS X) AppleWebKit/604.1.38 (KHTML, like Gecko) Version/11.0 Mobile/15A372 Safari/604.1"
::1 - - [2019-5-1 20:33:35] "GET /api/getZhujian?tableName=yilai HTTP/1.1" 200 - "http://localhost:8989/" "Mozilla/5.0 (iPhone; CPU iPhone OS 11_0 like Mac OS X) AppleWebKit/604.1.38 (KHTML, like Gecko) Version/11.0 Mobile/15A372 Safari/604.1"
::1 - - [2019-5-1 20:33:38] "GET /api/getZhujian?tableName=Zhujian HTTP/1.1" 200 - "http://localhost:8989/" "Mozilla/5.0 (iPhone; CPU iPhone OS 11_0 like Mac OS X) AppleWebKit/604.1.38 (KHTML, like Gecko) Version/11.0 Mobile/15A372 Safari/604.1"
::1 - - [2019-5-1 20:34:14] "GET /api/getZhujian?tableName=Zhujian HTTP/1.1" 200 - "http://localhost:8989/" "Mozilla/5.0 (iPhone; CPU iPhone OS 11_0 like Mac OS X) AppleWebKit/604.1.38 (KHTML, like Gecko) Version/11.0 Mobile/15A372 Safari/604.1"
::1 - - [2019-5-1 20:34:39] "GET /api/getZhujian?tableName=Zhujian HTTP/1.1" 200 102 "http://localhost:8989/" "Mozilla/5.0 (iPhone; CPU iPhone OS 11_0 like Mac OS X) AppleWebKit/604.1.38 (KHTML, like Gecko) Version/11.0 Mobile/15A372 Safari/604.1"
::1 - - [2019-5-1 20:35:7] "GET /api/getZhujian?tableName=Zhujian HTTP/1.1" 200 - "http://localhost:8989/" "Mozilla/5.0 (iPhone; CPU iPhone OS 11_0 like Mac OS X) AppleWebKit/604.1.38 (KHTML, like Gecko) Version/11.0 Mobile/15A372 Safari/604.1"
::1 - - [2019-5-1 20:36:38] "GET /api/getZhujian?tableName=Zhujian HTTP/1.1" 200 - "http://localhost:8989/" "Mozilla/5.0 (iPhone; CPU iPhone OS 11_0 like Mac OS X) AppleWebKit/604.1.38 (KHTML, like Gecko) Version/11.0 Mobile/15A372 Safari/604.1"
::1 - - [2019-5-1 20:36:56] "GET /api/getZhujian?tableName=Zhujian HTTP/1.1" 200 - "http://localhost:8989/" "Mozilla/5.0 (iPhone; CPU iPhone OS 11_0 like Mac OS X) AppleWebKit/604.1.38 (KHTML, like Gecko) Version/11.0 Mobile/15A372 Safari/604.1"
::1 - - [2019-5-1 20:37:3] "GET /api/getZhujian?tableName=yilai HTTP/1.1" 200 - "http://localhost:8989/" "Mozilla/5.0 (iPhone; CPU iPhone OS 11_0 like Mac OS X) AppleWebKit/604.1.38 (KHTML, like Gecko) Version/11.0 Mobile/15A372 Safari/604.1"
::1 - - [2019-5-1 20:37:46] "GET /api/getZhujian?tableName=Zhujian HTTP/1.1" 200 - "http://localhost:8989/" "Mozilla/5.0 (iPhone; CPU iPhone OS 11_0 like Mac OS X) AppleWebKit/604.1.38 (KHTML, like Gecko) Version/11.0 Mobile/15A372 Safari/604.1"
::1 - - [2019-5-1 20:38:13] "GET /api/getZhujian?tableName=yilai HTTP/1.1" 200 - "http://localhost:8989/" "Mozilla/5.0 (iPhone; CPU iPhone OS 11_0 like Mac OS X) AppleWebKit/604.1.38 (KHTML, like Gecko) Version/11.0 Mobile/15A372 Safari/604.1"
::1 - - [2019-5-1 20:38:16] "GET /api/getZhujian?tableName=Zhujian HTTP/1.1" 200 - "http://localhost:8989/" "Mozilla/5.0 (iPhone; CPU iPhone OS 11_0 like Mac OS X) AppleWebKit/604.1.38 (KHTML, like Gecko) Version/11.0 Mobile/15A372 Safari/604.1"
::1 - - [2019-5-1 20:38:19] "GET /api/getZhujian?tableName=Zhujian HTTP/1.1" 200 - "http://localhost:8989/" "Mozilla/5.0 (iPhone; CPU iPhone OS 11_0 like Mac OS X) AppleWebKit/604.1.38 (KHTML, like Gecko) Version/11.0 Mobile/15A372 Safari/604.1"
::1 - - [2019-5-1 20:38:22] "GET /api/getZhujian?tableName=Zhujian HTTP/1.1" 200 - "http://localhost:8989/" "Mozilla/5.0 (iPhone; CPU iPhone OS 11_0 like Mac OS X) AppleWebKit/604.1.38 (KHTML, like Gecko) Version/11.0 Mobile/15A372 Safari/604.1"
::1 - - [2019-5-1 20:38:48] "GET /api/getZhujian?tableName=Zhujian HTTP/1.1" 200 102 "http://localhost:8989/" "Mozilla/5.0 (iPhone; CPU iPhone OS 11_0 like Mac OS X) AppleWebKit/604.1.38 (KHTML, like Gecko) Version/11.0 Mobile/15A372 Safari/604.1"
::1 - - [2019-5-1 20:39:14] "GET /api/getZhujian HTTP/1.1" 304 - "http://localhost:8989/" "Mozilla/5.0 (iPhone; CPU iPhone OS 11_0 like Mac OS X) AppleWebKit/604.1.38 (KHTML, like Gecko) Version/11.0 Mobile/15A372 Safari/604.1"
::1 - - [2019-5-1 20:39:25] "GET /api/getZhujian?tableName=Zhujian HTTP/1.1" 304 - "http://localhost:8989/" "Mozilla/5.0 (iPhone; CPU iPhone OS 11_0 like Mac OS X) AppleWebKit/604.1.38 (KHTML, like Gecko) Version/11.0 Mobile/15A372 Safari/604.1"
::1 - - [2019-5-1 20:39:34] "GET /api/getZhujian?tableName=Zhujian HTTP/1.1" 304 - "http://localhost:8989/" "Mozilla/5.0 (iPhone; CPU iPhone OS 11_0 like Mac OS X) AppleWebKit/604.1.38 (KHTML, like Gecko) Version/11.0 Mobile/15A372 Safari/604.1"
::1 - - [2019-5-1 20:39:42] "GET /api/getZhujian?tableName=yilai HTTP/1.1" 200 102 "http://localhost:8989/" "Mozilla/5.0 (iPhone; CPU iPhone OS 11_0 like Mac OS X) AppleWebKit/604.1.38 (KHTML, like Gecko) Version/11.0 Mobile/15A372 Safari/604.1"
::1 - - [2019-5-1 20:42:14] "GET /api/getZhujian?tableName=Zhujian HTTP/1.1" 200 - "http://localhost:8989/" "Mozilla/5.0 (iPhone; CPU iPhone OS 11_0 like Mac OS X) AppleWebKit/604.1.38 (KHTML, like Gecko) Version/11.0 Mobile/15A372 Safari/604.1"
::1 - - [2019-5-1 20:42:57] "GET /api/getZhujian?tableName=Zhujian HTTP/1.1" 200 15 "http://localhost:8989/" "Mozilla/5.0 (iPhone; CPU iPhone OS 11_0 like Mac OS X) AppleWebKit/604.1.38 (KHTML, like Gecko) Version/11.0 Mobile/15A372 Safari/604.1"
::1 - - [2019-5-1 20:43:13] "GET /api/getZhujian?tableName=Zhujian HTTP/1.1" 304 - "http://localhost:8989/" "Mozilla/5.0 (iPhone; CPU iPhone OS 11_0 like Mac OS X) AppleWebKit/604.1.38 (KHTML, like Gecko) Version/11.0 Mobile/15A372 Safari/604.1"
::1 - - [2019-5-1 20:43:16] "GET /api/getZhujian?tableName=Zhujian HTTP/1.1" 304 - "http://localhost:8989/" "Mozilla/5.0 (iPhone; CPU iPhone OS 11_0 like Mac OS X) AppleWebKit/604.1.38 (KHTML, like Gecko) Version/11.0 Mobile/15A372 Safari/604.1"
::1 - - [2019-5-1 20:43:55] "GET /api/getZhujian?tableName=Zhujian HTTP/1.1" 200 - "http://localhost:8989/" "Mozilla/5.0 (iPhone; CPU iPhone OS 11_0 like Mac OS X) AppleWebKit/604.1.38 (KHTML, like Gecko) Version/11.0 Mobile/15A372 Safari/604.1"
::1 - - [2019-5-1 20:44:19] "GET /api/getZhujian?tableName=Zhujian HTTP/1.1" 200 15 "http://localhost:8989/" "Mozilla/5.0 (iPhone; CPU iPhone OS 11_0 like Mac OS X) AppleWebKit/604.1.38 (KHTML, like Gecko) Version/11.0 Mobile/15A372 Safari/604.1"
::1 - - [2019-5-1 20:45:17] "GET /api/getZhujian?tableName=Zhujian HTTP/1.1" 200 - "http://localhost:8989/" "Mozilla/5.0 (iPhone; CPU iPhone OS 11_0 like Mac OS X) AppleWebKit/604.1.38 (KHTML, like Gecko) Version/11.0 Mobile/15A372 Safari/604.1"
::1 - - [2019-5-1 20:45:56] "GET /api/getZhujian?tableName=Zhujian HTTP/1.1" 200 102 "http://localhost:8989/" "Mozilla/5.0 (iPhone; CPU iPhone OS 11_0 like Mac OS X) AppleWebKit/604.1.38 (KHTML, like Gecko) Version/11.0 Mobile/15A372 Safari/604.1"
::1 - - [2019-5-1 20:46:26] "GET /api/getZhujian?tableName=Zhujian HTTP/1.1" 304 - "http://localhost:8989/" "Mozilla/5.0 (iPhone; CPU iPhone OS 11_0 like Mac OS X) AppleWebKit/604.1.38 (KHTML, like Gecko) Version/11.0 Mobile/15A372 Safari/604.1"
::1 - - [2019-5-1 20:46:36] "GET /api/getZhujian?tableName=Zhujian HTTP/1.1" 200 - "http://localhost:8989/" "Mozilla/5.0 (iPhone; CPU iPhone OS 11_0 like Mac OS X) AppleWebKit/604.1.38 (KHTML, like Gecko) Version/11.0 Mobile/15A372 Safari/604.1"
::1 - - [2019-5-1 20:47:1] "GET /api/getZhujian?tableName=zhujian HTTP/1.1" 200 - "http://localhost:8989/" "Mozilla/5.0 (iPhone; CPU iPhone OS 11_0 like Mac OS X) AppleWebKit/604.1.38 (KHTML, like Gecko) Version/11.0 Mobile/15A372 Safari/604.1"
::1 - - [2019-5-1 20:47:4] "GET /api/getZhujian?tableName=zhujian HTTP/1.1" 200 - "http://localhost:8989/" "Mozilla/5.0 (iPhone; CPU iPhone OS 11_0 like Mac OS X) AppleWebKit/604.1.38 (KHTML, like Gecko) Version/11.0 Mobile/15A372 Safari/604.1"
::1 - - [2019-5-1 21:19:22] "GET /api/getZhujian?tableName=zhujian HTTP/1.1" 200 - "http://localhost:8989/" "Mozilla/5.0 (iPhone; CPU iPhone OS 11_0 like Mac OS X) AppleWebKit/604.1.38 (KHTML, like Gecko) Version/11.0 Mobile/15A372 Safari/604.1"
::1 - - [2019-5-1 21:21:51] "GET /api/getZhujian?tableName=zhujian HTTP/1.1" 200 - "http://localhost:8989/" "Mozilla/5.0 (iPhone; CPU iPhone OS 11_0 like Mac OS X) AppleWebKit/604.1.38 (KHTML, like Gecko) Version/11.0 Mobile/15A372 Safari/604.1"
::1 - - [2019-5-1 21:21:52] "GET /api/getZhujian?tableName=zhujian HTTP/1.1" 200 - "http://localhost:8989/" "Mozilla/5.0 (iPhone; CPU iPhone OS 11_0 like Mac OS X) AppleWebKit/604.1.38 (KHTML, like Gecko) Version/11.0 Mobile/15A372 Safari/604.1"
::1 - - [2019-5-1 21:22:13] "GET /api/getZhujian?tableName=zhujian HTTP/1.1" 200 - "http://localhost:8989/" "Mozilla/5.0 (iPhone; CPU iPhone OS 11_0 like Mac OS X) AppleWebKit/604.1.38 (KHTML, like Gecko) Version/11.0 Mobile/15A372 Safari/604.1"
::1 - - [2019-5-1 21:22:18] "GET /api/getZhujian?tableName=zhujian HTTP/1.1" 200 - "http://localhost:8989/" "Mozilla/5.0 (iPhone; CPU iPhone OS 11_0 like Mac OS X) AppleWebKit/604.1.38 (KHTML, like Gecko) Version/11.0 Mobile/15A372 Safari/604.1"
::1 - - [2019-5-1 21:22:25] "GET /api/getZhujian?tableName=zhujian HTTP/1.1" 200 102 "http://localhost:8989/" "Mozilla/5.0 (iPhone; CPU iPhone OS 11_0 like Mac OS X) AppleWebKit/604.1.38 (KHTML, like Gecko) Version/11.0 Mobile/15A372 Safari/604.1"
::1 - - [2019-5-1 21:23:29] "GET /api/getZhujian?tableName=zhujian HTTP/1.1" 304 - "http://localhost:8989/" "Mozilla/5.0 (iPhone; CPU iPhone OS 11_0 like Mac OS X) AppleWebKit/604.1.38 (KHTML, like Gecko) Version/11.0 Mobile/15A372 Safari/604.1"
::1 - - [2019-5-1 21:23:38] "GET /api/getZhujian?tableName=zhujian HTTP/1.1" 200 - "http://localhost:8989/" "Mozilla/5.0 (iPhone; CPU iPhone OS 11_0 like Mac OS X) AppleWebKit/604.1.38 (KHTML, like Gecko) Version/11.0 Mobile/15A372 Safari/604.1"
::1 - - [2019-5-1 21:24:13] "GET /api/getZhujian?tableName=zhujian HTTP/1.1" 200 - "http://localhost:8989/" "Mozilla/5.0 (iPhone; CPU iPhone OS 11_0 like Mac OS X) AppleWebKit/604.1.38 (KHTML, like Gecko) Version/11.0 Mobile/15A372 Safari/604.1"
::1 - - [2019-5-1 21:24:40] "GET /api/getZhujian?tableName=zhujian HTTP/1.1" 200 - "http://localhost:8989/" "Mozilla/5.0 (iPhone; CPU iPhone OS 11_0 like Mac OS X) AppleWebKit/604.1.38 (KHTML, like Gecko) Version/11.0 Mobile/15A372 Safari/604.1"
::1 - - [2019-5-1 21:25:7] "GET /api/getZhujian?tableName=this.posts HTTP/1.1" 200 - "http://localhost:8989/" "Mozilla/5.0 (iPhone; CPU iPhone OS 11_0 like Mac OS X) AppleWebKit/604.1.38 (KHTML, like Gecko) Version/11.0 Mobile/15A372 Safari/604.1"
::1 - - [2019-5-1 21:25:19] "GET /api/getZhujian?tableName=this.posts HTTP/1.1" 200 - "http://localhost:8989/" "Mozilla/5.0 (iPhone; CPU iPhone OS 11_0 like Mac OS X) AppleWebKit/604.1.38 (KHTML, like Gecko) Version/11.0 Mobile/15A372 Safari/604.1"
::1 - - [2019-5-1 21:27:20] "GET /api/getUsername?username=admin HTTP/1.1" 304 - "http://localhost:8989/" "Mozilla/5.0 (iPhone; CPU iPhone OS 11_0 like Mac OS X) AppleWebKit/604.1.38 (KHTML, like Gecko) Version/11.0 Mobile/15A372 Safari/604.1"
::1 - - [2019-5-1 22:6:41] "GET /api/getZhujian?tableName=zhujian HTTP/1.1" 200 - "http://localhost:8989/" "Mozilla/5.0 (iPhone; CPU iPhone OS 11_0 like Mac OS X) AppleWebKit/604.1.38 (KHTML, like Gecko) Version/11.0 Mobile/15A372 Safari/604.1"
::1 - - [2019-5-1 22:6:45] "GET /api/getZhujian?tableName= HTTP/1.1" 200 - "http://localhost:8989/" "Mozilla/5.0 (iPhone; CPU iPhone OS 11_0 like Mac OS X) AppleWebKit/604.1.38 (KHTML, like Gecko) Version/11.0 Mobile/15A372 Safari/604.1"
::1 - - [2019-5-1 22:9:33] "GET /api/getZhujian?tableName=this.$store.state.zhujian HTTP/1.1" 200 - "http://localhost:8989/" "Mozilla/5.0 (iPhone; CPU iPhone OS 11_0 like Mac OS X) AppleWebKit/604.1.38 (KHTML, like Gecko) Version/11.0 Mobile/15A372 Safari/604.1"
::1 - - [2019-5-1 22:10:56] "GET /api/getZhujian?tableName=this.$store.state.zhujian HTTP/1.1" 200 - "http://localhost:8989/" "Mozilla/5.0 (iPhone; CPU iPhone OS 11_0 like Mac OS X) AppleWebKit/604.1.38 (KHTML, like Gecko) Version/11.0 Mobile/15A372 Safari/604.1"
::1 - - [2019-5-1 22:11:17] "GET /api/getZhujian?tableName= HTTP/1.1" 200 - "http://localhost:8989/" "Mozilla/5.0 (iPhone; CPU iPhone OS 11_0 like Mac OS X) AppleWebKit/604.1.38 (KHTML, like Gecko) Version/11.0 Mobile/15A372 Safari/604.1"
::1 - - [2019-5-1 22:11:44] "GET /api/getZhujian?tableName=zhujian HTTP/1.1" 200 102 "http://localhost:8989/" "Mozilla/5.0 (iPhone; CPU iPhone OS 11_0 like Mac OS X) AppleWebKit/604.1.38 (KHTML, like Gecko) Version/11.0 Mobile/15A372 Safari/604.1"
::1 - - [2019-5-1 22:11:48] "GET /api/getZhujian?tableName=yilai HTTP/1.1" 200 - "http://localhost:8989/" "Mozilla/5.0 (iPhone; CPU iPhone OS 11_0 like Mac OS X) AppleWebKit/604.1.38 (KHTML, like Gecko) Version/11.0 Mobile/15A372 Safari/604.1"
::1 - - [2019-5-1 22:12:9] "GET /api/getZhujian?tableName=yilai HTTP/1.1" 200 - "http://localhost:8989/" "Mozilla/5.0 (iPhone; CPU iPhone OS 11_0 like Mac OS X) AppleWebKit/604.1.38 (KHTML, like Gecko) Version/11.0 Mobile/15A372 Safari/604.1"
::1 - - [2019-5-1 22:12:49] "GET /api/getZhujian?tableName=yilai HTTP/1.1" 200 - "http://localhost:8989/" "Mozilla/5.0 (iPhone; CPU iPhone OS 11_0 like Mac OS X) AppleWebKit/604.1.38 (KHTML, like Gecko) Version/11.0 Mobile/15A372 Safari/604.1"
::1 - - [2019-5-1 22:12:52] "GET /api/getZhujian?tableName=yilai HTTP/1.1" 200 - "http://localhost:8989/" "Mozilla/5.0 (iPhone; CPU iPhone OS 11_0 like Mac OS X) AppleWebKit/604.1.38 (KHTML, like Gecko) Version/11.0 Mobile/15A372 Safari/604.1"
::1 - - [2019-5-1 22:12:56] "GET /api/getZhujian?tableName=zhujian HTTP/1.1" 304 - "http://localhost:8989/" "Mozilla/5.0 (iPhone; CPU iPhone OS 11_0 like Mac OS X) AppleWebKit/604.1.38 (KHTML, like Gecko) Version/11.0 Mobile/15A372 Safari/604.1"
::1 - - [2019-5-1 22:12:58] "GET /api/getZhujian?tableName=yilai HTTP/1.1" 200 - "http://localhost:8989/" "Mozilla/5.0 (iPhone; CPU iPhone OS 11_0 like Mac OS X) AppleWebKit/604.1.38 (KHTML, like Gecko) Version/11.0 Mobile/15A372 Safari/604.1"
::1 - - [2019-5-1 22:13:32] "GET /api/getZhujian?tableName=yilai HTTP/1.1" 200 97 "http://localhost:8989/" "Mozilla/5.0 (iPhone; CPU iPhone OS 11_0 like Mac OS X) AppleWebKit/604.1.38 (KHTML, like Gecko) Version/11.0 Mobile/15A372 Safari/604.1"
::1 - - [2019-5-1 22:16:59] "GET /api/getZhujian?tableName=yilai HTTP/1.1" 304 - "http://localhost:8989/" "Mozilla/5.0 (Windows NT 10.0; WOW64) AppleWebKit/537.36 (KHTML, like Gecko) Chrome/65.0.3325.181 Safari/537.36"
::1 - - [2019-5-1 22:17:15] "GET /api/getZhujian?tableName=Zhujian HTTP/1.1" 200 102 "http://localhost:8989/" "Mozilla/5.0 (Windows NT 10.0; WOW64) AppleWebKit/537.36 (KHTML, like Gecko) Chrome/65.0.3325.181 Safari/537.36"
::1 - - [2019-5-1 22:17:18] "GET /api/getZhujian?tableName=Zhujian HTTP/1.1" 304 - "http://localhost:8989/" "Mozilla/5.0 (Windows NT 10.0; WOW64) AppleWebKit/537.36 (KHTML, like Gecko) Chrome/65.0.3325.181 Safari/537.36"
::1 - - [2019-5-1 22:17:19] "GET /api/getZhujian?tableName=Zhujian HTTP/1.1" 304 - "http://localhost:8989/" "Mozilla/5.0 (Windows NT 10.0; WOW64) AppleWebKit/537.36 (KHTML, like Gecko) Chrome/65.0.3325.181 Safari/537.36"
::1 - - [2019-5-1 22:17:21] "GET /api/getZhujian?tableName=yilai HTTP/1.1" 304 - "http://localhost:8989/" "Mozilla/5.0 (Windows NT 10.0; WOW64) AppleWebKit/537.36 (KHTML, like Gecko) Chrome/65.0.3325.181 Safari/537.36"
::1 - - [2019-5-1 22:17:23] "GET /api/getZhujian?tableName=zhujian HTTP/1.1" 304 - "http://localhost:8989/" "Mozilla/5.0 (Windows NT 10.0; WOW64) AppleWebKit/537.36 (KHTML, like Gecko) Chrome/65.0.3325.181 Safari/537.36"
::1 - - [2019-5-1 22:17:25] "GET /api/getZhujian?tableName=Zhujian HTTP/1.1" 304 - "http://localhost:8989/" "Mozilla/5.0 (Windows NT 10.0; WOW64) AppleWebKit/537.36 (KHTML, like Gecko) Chrome/65.0.3325.181 Safari/537.36"
::1 - - [2019-5-1 22:17:28] "GET /api/getZhujian?tableName=zhujian HTTP/1.1" 304 - "http://localhost:8989/" "Mozilla/5.0 (Windows NT 10.0; WOW64) AppleWebKit/537.36 (KHTML, like Gecko) Chrome/65.0.3325.181 Safari/537.36"
::1 - - [2019-5-1 22:17:35] "GET /api/getZhujian?tableName=zhujian HTTP/1.1" 304 - "http://localhost:8989/" "Mozilla/5.0 (Windows NT 10.0; WOW64) AppleWebKit/537.36 (KHTML, like Gecko) Chrome/65.0.3325.181 Safari/537.36"
::1 - - [2019-5-1 22:17:47] "GET /api/getZhujian?tableName=zhujian HTTP/1.1" 304 - "http://localhost:8989/" "Mozilla/5.0 (iPhone; CPU iPhone OS 11_0 like Mac OS X) AppleWebKit/604.1.38 (KHTML, like Gecko) Version/11.0 Mobile/15A372 Safari/604.1"
::1 - - [2019-5-1 22:19:28] "GET /api/getZhujian?tableName=zhujian HTTP/1.1" 304 - "http://localhost:8989/" "Mozilla/5.0 (iPhone; CPU iPhone OS 11_0 like Mac OS X) AppleWebKit/604.1.38 (KHTML, like Gecko) Version/11.0 Mobile/15A372 Safari/604.1"
::1 - - [2019-5-1 22:23:6] "GET /api/getZhujian?tableName=zhujian HTTP/1.1" 304 - "http://localhost:8989/" "Mozilla/5.0 (iPhone; CPU iPhone OS 11_0 like Mac OS X) AppleWebKit/604.1.38 (KHTML, like Gecko) Version/11.0 Mobile/15A372 Safari/604.1"
::1 - - [2019-5-1 22:28:33] "GET /api/getUsername?username=admin HTTP/1.1" 304 - "http://localhost:8989/" "Mozilla/5.0 (iPhone; CPU iPhone OS 11_0 like Mac OS X) AppleWebKit/604.1.38 (KHTML, like Gecko) Version/11.0 Mobile/15A372 Safari/604.1"
::1 - - [2019-5-1 22:28:37] "GET /api/getDownload HTTP/1.1" 304 - "http://localhost:8989/" "Mozilla/5.0 (iPhone; CPU iPhone OS 11_0 like Mac OS X) AppleWebKit/604.1.38 (KHTML, like Gecko) Version/11.0 Mobile/15A372 Safari/604.1"
::1 - - [2019-5-1 22:32:23] "GET /api/getDownload HTTP/1.1" 304 - "http://localhost:8989/" "Mozilla/5.0 (iPhone; CPU iPhone OS 11_0 like Mac OS X) AppleWebKit/604.1.38 (KHTML, like Gecko) Version/11.0 Mobile/15A372 Safari/604.1"
::1 - - [2019-5-1 22:32:54] "GET /api/getDownload HTTP/1.1" 304 - "http://localhost:8989/" "Mozilla/5.0 (iPhone; CPU iPhone OS 11_0 like Mac OS X) AppleWebKit/604.1.38 (KHTML, like Gecko) Version/11.0 Mobile/15A372 Safari/604.1"
::1 - - [2019-5-1 22:35:4] "GET /api/getDownload HTTP/1.1" 304 - "http://localhost:8989/" "Mozilla/5.0 (iPhone; CPU iPhone OS 11_0 like Mac OS X) AppleWebKit/604.1.38 (KHTML, like Gecko) Version/11.0 Mobile/15A372 Safari/604.1"
::1 - - [2019-5-1 22:37:16] "GET /api/getDownload HTTP/1.1" 304 - "http://localhost:8989/" "Mozilla/5.0 (Windows NT 10.0; WOW64) AppleWebKit/537.36 (KHTML, like Gecko) Chrome/65.0.3325.181 Safari/537.36"
::1 - - [2019-5-1 22:37:25] "GET /api/getDownload HTTP/1.1" 304 - "http://localhost:8989/" "Mozilla/5.0 (iPhone; CPU iPhone OS 11_0 like Mac OS X) AppleWebKit/604.1.38 (KHTML, like Gecko) Version/11.0 Mobile/15A372 Safari/604.1"
::1 - - [2019-5-1 22:37:41] "GET /api/getDownload HTTP/1.1" 304 - "http://localhost:8989/" "Mozilla/5.0 (iPhone; CPU iPhone OS 11_0 like Mac OS X) AppleWebKit/604.1.38 (KHTML, like Gecko) Version/11.0 Mobile/15A372 Safari/604.1"
::1 - - [2019-5-1 22:37:52] "GET /api/getDownload HTTP/1.1" 304 - "http://localhost:8989/" "Mozilla/5.0 (iPhone; CPU iPhone OS 11_0 like Mac OS X) AppleWebKit/604.1.38 (KHTML, like Gecko) Version/11.0 Mobile/15A372 Safari/604.1"
::1 - - [2019-5-1 22:39:9] "GET /api/getDownload HTTP/1.1" 304 - "http://localhost:8989/" "Mozilla/5.0 (iPhone; CPU iPhone OS 11_0 like Mac OS X) AppleWebKit/604.1.38 (KHTML, like Gecko) Version/11.0 Mobile/15A372 Safari/604.1"
::1 - - [2019-5-1 22:41:35] "GET /api/getDownload HTTP/1.1" 304 - "http://localhost:8989/" "Mozilla/5.0 (iPhone; CPU iPhone OS 11_0 like Mac OS X) AppleWebKit/604.1.38 (KHTML, like Gecko) Version/11.0 Mobile/15A372 Safari/604.1"
::1 - - [2019-5-1 22:41:42] "GET /api/getDownload HTTP/1.1" 304 - "http://localhost:8989/" "Mozilla/5.0 (Windows NT 10.0; WOW64) AppleWebKit/537.36 (KHTML, like Gecko) Chrome/65.0.3325.181 Safari/537.36"
::1 - - [2019-5-1 22:42:35] "GET /api/getDownload HTTP/1.1" 304 - "http://localhost:8989/" "Mozilla/5.0 (Windows NT 10.0; WOW64) AppleWebKit/537.36 (KHTML, like Gecko) Chrome/65.0.3325.181 Safari/537.36"
::1 - - [2019-5-1 22:42:42] "GET /api/getDownload HTTP/1.1" 304 - "http://localhost:8989/" "Mozilla/5.0 (iPhone; CPU iPhone OS 11_0 like Mac OS X) AppleWebKit/604.1.38 (KHTML, like Gecko) Version/11.0 Mobile/15A372 Safari/604.1"
::1 - - [2019-5-1 22:44:1] "GET /api/getDownload HTTP/1.1" 304 - "http://localhost:8989/" "Mozilla/5.0 (Windows NT 10.0; WOW64) AppleWebKit/537.36 (KHTML, like Gecko) Chrome/65.0.3325.181 Safari/537.36"
::1 - - [2019-5-1 22:44:49] "GET /api/getDownload HTTP/1.1" 304 - "http://localhost:8989/" "Mozilla/5.0 (iPhone; CPU iPhone OS 11_0 like Mac OS X) AppleWebKit/604.1.38 (KHTML, like Gecko) Version/11.0 Mobile/15A372 Safari/604.1"
::1 - - [2019-5-1 22:45:38] "GET /api/getDownload HTTP/1.1" 304 - "http://localhost:8989/" "Mozilla/5.0 (Windows NT 10.0; WOW64) AppleWebKit/537.36 (KHTML, like Gecko) Chrome/65.0.3325.181 Safari/537.36"
::1 - - [2019-5-1 22:47:45] "GET /api/getUsername?username=admin HTTP/1.1" 304 - "http://localhost:8989/" "Mozilla/5.0 (Windows NT 10.0; WOW64) AppleWebKit/537.36 (KHTML, like Gecko) Chrome/65.0.3325.181 Safari/537.36"
::1 - - [2019-5-1 22:57:43] "GET /api/getZhujian?tableName=zhujian HTTP/1.1" 304 - "http://localhost:8989/" "Mozilla/5.0 (Windows NT 10.0; WOW64) AppleWebKit/537.36 (KHTML, like Gecko) Chrome/65.0.3325.181 Safari/537.36"
::1 - - [2019-5-1 22:57:57] "GET /api/getUsername?username=admin HTTP/1.1" 304 - "http://localhost:8989/" "Mozilla/5.0 (Windows NT 10.0; WOW64) AppleWebKit/537.36 (KHTML, like Gecko) Chrome/65.0.3325.181 Safari/537.36"
::1 - - [2019-5-1 22:57:58] "GET /api/getDownload HTTP/1.1" 304 - "http://localhost:8989/" "Mozilla/5.0 (Windows NT 10.0; WOW64) AppleWebKit/537.36 (KHTML, like Gecko) Chrome/65.0.3325.181 Safari/537.36"
::1 - - [2019-5-1 23:0:53] "GET /api/getDownload HTTP/1.1" 304 - "http://localhost:8989/" "Mozilla/5.0 (Windows NT 10.0; WOW64) AppleWebKit/537.36 (KHTML, like Gecko) Chrome/65.0.3325.181 Safari/537.36"
::1 - - [2019-5-1 23:1:9] "GET /api/getDownload HTTP/1.1" 304 - "http://localhost:8989/" "Mozilla/5.0 (Windows NT 10.0; WOW64) AppleWebKit/537.36 (KHTML, like Gecko) Chrome/65.0.3325.181 Safari/537.36"
::1 - - [2019-5-1 23:1:11] "GET /api/getDownload HTTP/1.1" 304 - "http://localhost:8989/" "Mozilla/5.0 (Windows NT 10.0; WOW64) AppleWebKit/537.36 (KHTML, like Gecko) Chrome/65.0.3325.181 Safari/537.36"
::1 - - [2019-5-1 23:1:12] "GET /api/getZhujian?tableName= HTTP/1.1" 200 - "http://localhost:8989/" "Mozilla/5.0 (Windows NT 10.0; WOW64) AppleWebKit/537.36 (KHTML, like Gecko) Chrome/65.0.3325.181 Safari/537.36"
::1 - - [2019-5-1 23:2:4] "GET /api/getDownload HTTP/1.1" 304 - "http://localhost:8989/" "Mozilla/5.0 (Windows NT 10.0; WOW64) AppleWebKit/537.36 (KHTML, like Gecko) Chrome/65.0.3325.181 Safari/537.36"
::1 - - [2019-5-1 23:2:6] "GET /api/getZhujian?tableName= HTTP/1.1" 200 - "http://localhost:8989/" "Mozilla/5.0 (Windows NT 10.0; WOW64) AppleWebKit/537.36 (KHTML, like Gecko) Chrome/65.0.3325.181 Safari/537.36"
::1 - - [2019-5-1 23:2:8] "GET /api/getDownload HTTP/1.1" 304 - "http://localhost:8989/" "Mozilla/5.0 (Windows NT 10.0; WOW64) AppleWebKit/537.36 (KHTML, like Gecko) Chrome/65.0.3325.181 Safari/537.36"
::1 - - [2019-5-1 23:2:13] "GET /api/getZhujian?tableName= HTTP/1.1" 200 - "http://localhost:8989/" "Mozilla/5.0 (Windows NT 10.0; WOW64) AppleWebKit/537.36 (KHTML, like Gecko) Chrome/65.0.3325.181 Safari/537.36"
::1 - - [2019-5-1 23:4:18] "GET /api/getZhujian?tableName= HTTP/1.1" 200 - "http://localhost:8989/" "Mozilla/5.0 (Windows NT 10.0; WOW64) AppleWebKit/537.36 (KHTML, like Gecko) Chrome/65.0.3325.181 Safari/537.36"
::1 - - [2019-5-1 23:4:30] "GET /api/getZhujian?tableName= HTTP/1.1" 200 - "http://localhost:8989/" "Mozilla/5.0 (Windows NT 10.0; WOW64) AppleWebKit/537.36 (KHTML, like Gecko) Chrome/65.0.3325.181 Safari/537.36"
::1 - - [2019-5-1 23:5:27] "GET /api/getZhujian?tableName= HTTP/1.1" 200 - "http://localhost:8989/" "Mozilla/5.0 (Windows NT 10.0; WOW64) AppleWebKit/537.36 (KHTML, like Gecko) Chrome/65.0.3325.181 Safari/537.36"
::1 - - [2019-5-1 23:6:38] "GET /api/getZhujian?tableName= HTTP/1.1" 200 - "http://localhost:8989/" "Mozilla/5.0 (Windows NT 10.0; WOW64) AppleWebKit/537.36 (KHTML, like Gecko) Chrome/65.0.3325.181 Safari/537.36"
::1 - - [2019-5-1 23:7:3] "GET /api/getZhujian?tableName= HTTP/1.1" 200 - "http://localhost:8989/" "Mozilla/5.0 (Windows NT 10.0; WOW64) AppleWebKit/537.36 (KHTML, like Gecko) Chrome/65.0.3325.181 Safari/537.36"
::1 - - [2019-5-1 23:7:29] "GET /api/getZhujian?tableName= HTTP/1.1" 200 - "http://localhost:8989/" "Mozilla/5.0 (Windows NT 10.0; WOW64) AppleWebKit/537.36 (KHTML, like Gecko) Chrome/65.0.3325.181 Safari/537.36"
::1 - - [2019-5-1 23:7:48] "GET /api/getZhujian?tableName= HTTP/1.1" 200 - "http://localhost:8989/" "Mozilla/5.0 (Windows NT 10.0; WOW64) AppleWebKit/537.36 (KHTML, like Gecko) Chrome/65.0.3325.181 Safari/537.36"
::1 - - [2019-5-1 23:9:9] "GET /api/getZhujian?tableName= HTTP/1.1" 200 - "http://localhost:8989/" "Mozilla/5.0 (Windows NT 10.0; WOW64) AppleWebKit/537.36 (KHTML, like Gecko) Chrome/65.0.3325.181 Safari/537.36"
::1 - - [2019-5-1 23:10:1] "GET /api/getZhujian?tableName= HTTP/1.1" 200 - "http://localhost:8989/" "Mozilla/5.0 (Windows NT 10.0; WOW64) AppleWebKit/537.36 (KHTML, like Gecko) Chrome/65.0.3325.181 Safari/537.36"
::1 - - [2019-5-1 23:15:8] "GET /api/getDownload HTTP/1.1" 304 - "http://localhost:8989/" "Mozilla/5.0 (Windows NT 10.0; WOW64) AppleWebKit/537.36 (KHTML, like Gecko) Chrome/65.0.3325.181 Safari/537.36"
::1 - - [2019-5-1 23:15:9] "GET /api/getZhujian?tableName= HTTP/1.1" 200 - "http://localhost:8989/" "Mozilla/5.0 (Windows NT 10.0; WOW64) AppleWebKit/537.36 (KHTML, like Gecko) Chrome/65.0.3325.181 Safari/537.36"
::1 - - [2019-5-1 23:15:40] "GET /api/getZhujian?tableName= HTTP/1.1" 200 - "http://localhost:8989/" "Mozilla/5.0 (Windows NT 10.0; WOW64) AppleWebKit/537.36 (KHTML, like Gecko) Chrome/65.0.3325.181 Safari/537.36"
::1 - - [2019-5-1 23:15:40] "GET /api/getZhujian?tableName= HTTP/1.1" 200 - "http://localhost:8989/" "Mozilla/5.0 (Windows NT 10.0; WOW64) AppleWebKit/537.36 (KHTML, like Gecko) Chrome/65.0.3325.181 Safari/537.36"
::1 - - [2019-5-1 23:15:40] "GET /api/getZhujian?tableName= HTTP/1.1" 200 - "http://localhost:8989/" "Mozilla/5.0 (Windows NT 10.0; WOW64) AppleWebKit/537.36 (KHTML, like Gecko) Chrome/65.0.3325.181 Safari/537.36"
::1 - - [2019-5-1 23:15:40] "GET /api/getZhujian?tableName= HTTP/1.1" 200 - "http://localhost:8989/" "Mozilla/5.0 (Windows NT 10.0; WOW64) AppleWebKit/537.36 (KHTML, like Gecko) Chrome/65.0.3325.181 Safari/537.36"
::1 - - [2019-5-1 23:16:23] "GET /api/getZhujian?tableName= HTTP/1.1" 200 - "http://localhost:8989/" "Mozilla/5.0 (Windows NT 10.0; WOW64) AppleWebKit/537.36 (KHTML, like Gecko) Chrome/65.0.3325.181 Safari/537.36"
::1 - - [2019-5-1 23:18:0] "GET /api/getZhujian?tableName=zhujina HTTP/1.1" 200 - "http://localhost:8989/" "Mozilla/5.0 (Windows NT 10.0; WOW64) AppleWebKit/537.36 (KHTML, like Gecko) Chrome/65.0.3325.181 Safari/537.36"
::1 - - [2019-5-1 23:18:28] "GET /api/getZhujian?tableName=zhujina HTTP/1.1" 200 - "http://localhost:8989/" "Mozilla/5.0 (Windows NT 10.0; WOW64) AppleWebKit/537.36 (KHTML, like Gecko) Chrome/65.0.3325.181 Safari/537.36"
::1 - - [2019-5-1 23:19:22] "GET /api/getZhujian?tableName=zhujina HTTP/1.1" 200 - "http://localhost:8989/" "Mozilla/5.0 (Windows NT 10.0; WOW64) AppleWebKit/537.36 (KHTML, like Gecko) Chrome/65.0.3325.181 Safari/537.36"
::1 - - [2019-5-1 23:20:0] "GET /api/getZhujian?tableName=zhujina HTTP/1.1" 200 - "http://localhost:8989/" "Mozilla/5.0 (Windows NT 10.0; WOW64) AppleWebKit/537.36 (KHTML, like Gecko) Chrome/65.0.3325.181 Safari/537.36"
::1 - - [2019-5-1 23:20:27] "GET /api/getZhujian?tableName=zhujina HTTP/1.1" 200 - "http://localhost:8989/" "Mozilla/5.0 (Windows NT 10.0; WOW64) AppleWebKit/537.36 (KHTML, like Gecko) Chrome/65.0.3325.181 Safari/537.36"
::1 - - [2019-5-1 23:21:6] "GET /api/getZhujian?tableName=zhujina HTTP/1.1" 200 - "http://localhost:8989/" "Mozilla/5.0 (Windows NT 10.0; WOW64) AppleWebKit/537.36 (KHTML, like Gecko) Chrome/65.0.3325.181 Safari/537.36"
::1 - - [2019-5-1 23:21:45] "GET /api/getZhujian?tableName=zhujina HTTP/1.1" 200 - "http://localhost:8989/" "Mozilla/5.0 (Windows NT 10.0; WOW64) AppleWebKit/537.36 (KHTML, like Gecko) Chrome/65.0.3325.181 Safari/537.36"
::1 - - [2019-5-1 23:22:5] "GET /api/getZhujian?tableName=zhujian HTTP/1.1" 304 - "http://localhost:8989/" "Mozilla/5.0 (Windows NT 10.0; WOW64) AppleWebKit/537.36 (KHTML, like Gecko) Chrome/65.0.3325.181 Safari/537.36"
::1 - - [2019-5-1 23:22:44] "GET /api/getZhujian?tableName=zhujian HTTP/1.1" 304 - "http://localhost:8989/" "Mozilla/5.0 (Windows NT 10.0; WOW64) AppleWebKit/537.36 (KHTML, like Gecko) Chrome/65.0.3325.181 Safari/537.36"
::1 - - [2019-5-1 23:22:52] "GET /api/getZhujian?tableName=zhujian HTTP/1.1" 304 - "http://localhost:8989/" "Mozilla/5.0 (Windows NT 10.0; WOW64) AppleWebKit/537.36 (KHTML, like Gecko) Chrome/65.0.3325.181 Safari/537.36"
::1 - - [2019-5-1 23:22:54] "GET /api/getZhujian?tableName=yilai HTTP/1.1" 304 - "http://localhost:8989/" "Mozilla/5.0 (Windows NT 10.0; WOW64) AppleWebKit/537.36 (KHTML, like Gecko) Chrome/65.0.3325.181 Safari/537.36"
::1 - - [2019-5-1 23:22:56] "GET /api/getZhujian?tableName=zhujian HTTP/1.1" 304 - "http://localhost:8989/" "Mozilla/5.0 (Windows NT 10.0; WOW64) AppleWebKit/537.36 (KHTML, like Gecko) Chrome/65.0.3325.181 Safari/537.36"
::1 - - [2019-5-1 23:22:57] "GET /api/getZhujian?tableName=yilai HTTP/1.1" 304 - "http://localhost:8989/" "Mozilla/5.0 (Windows NT 10.0; WOW64) AppleWebKit/537.36 (KHTML, like Gecko) Chrome/65.0.3325.181 Safari/537.36"
::1 - - [2019-5-1 23:22:59] "GET /api/getZhujian?tableName=anzhuang HTTP/1.1" 200 - "http://localhost:8989/" "Mozilla/5.0 (Windows NT 10.0; WOW64) AppleWebKit/537.36 (KHTML, like Gecko) Chrome/65.0.3325.181 Safari/537.36"
::1 - - [2019-5-1 23:23:0] "GET /api/getZhujian?tableName=yilai HTTP/1.1" 304 - "http://localhost:8989/" "Mozilla/5.0 (Windows NT 10.0; WOW64) AppleWebKit/537.36 (KHTML, like Gecko) Chrome/65.0.3325.181 Safari/537.36"
::1 - - [2019-5-1 23:23:1] "GET /api/getZhujian?tableName=zhujian HTTP/1.1" 304 - "http://localhost:8989/" "Mozilla/5.0 (Windows NT 10.0; WOW64) AppleWebKit/537.36 (KHTML, like Gecko) Chrome/65.0.3325.181 Safari/537.36"
::1 - - [2019-5-1 23:24:7] "GET /api/getZhujian?tableName=zhujian HTTP/1.1" 304 - "http://localhost:8989/" "Mozilla/5.0 (Windows NT 10.0; WOW64) AppleWebKit/537.36 (KHTML, like Gecko) Chrome/65.0.3325.181 Safari/537.36"
::1 - - [2019-5-1 23:24:17] "GET /api/getZhujian?tableName=zhujian HTTP/1.1" 304 - "http://localhost:8989/" "Mozilla/5.0 (Windows NT 10.0; WOW64) AppleWebKit/537.36 (KHTML, like Gecko) Chrome/65.0.3325.181 Safari/537.36"
::1 - - [2019-5-1 23:27:33] "GET /api/getZhujian?tableName=zhujian HTTP/1.1" 304 - "http://localhost:8989/" "Mozilla/5.0 (Windows NT 10.0; WOW64) AppleWebKit/537.36 (KHTML, like Gecko) Chrome/65.0.3325.181 Safari/537.36"
::1 - - [2019-5-1 23:28:41] "GET /api/getZhujian?tableName=zhujian HTTP/1.1" 304 - "http://localhost:8989/" "Mozilla/5.0 (Windows NT 10.0; WOW64) AppleWebKit/537.36 (KHTML, like Gecko) Chrome/65.0.3325.181 Safari/537.36"
::1 - - [2019-5-1 23:30:47] "GET /api/getZhujian?tableName=zhujian HTTP/1.1" 304 - "http://localhost:8989/" "Mozilla/5.0 (Windows NT 10.0; WOW64) AppleWebKit/537.36 (KHTML, like Gecko) Chrome/65.0.3325.181 Safari/537.36"
::1 - - [2019-5-1 23:32:19] "GET /api/getZhujian?tableName=zhujian HTTP/1.1" 304 - "http://localhost:8989/" "Mozilla/5.0 (Windows NT 10.0; WOW64) AppleWebKit/537.36 (KHTML, like Gecko) Chrome/65.0.3325.181 Safari/537.36"
::1 - - [2019-5-1 23:33:23] "GET /api/getZhujian?tableName=zhujian HTTP/1.1" 304 - "http://localhost:8989/" "Mozilla/5.0 (Windows NT 10.0; WOW64) AppleWebKit/537.36 (KHTML, like Gecko) Chrome/65.0.3325.181 Safari/537.36"
::1 - - [2019-5-1 23:33:28] "GET /api/getZhujian?tableName=zhujian HTTP/1.1" 304 - "http://localhost:8989/" "Mozilla/5.0 (Windows NT 10.0; WOW64) AppleWebKit/537.36 (KHTML, like Gecko) Chrome/65.0.3325.181 Safari/537.36"
::1 - - [2019-5-1 23:34:33] "GET /api/getZhujian?tableName=zhujian HTTP/1.1" 304 - "http://localhost:8989/" "Mozilla/5.0 (Windows NT 10.0; WOW64) AppleWebKit/537.36 (KHTML, like Gecko) Chrome/65.0.3325.181 Safari/537.36"
::1 - - [2019-5-1 23:34:49] "GET /api/getZhujian?tableName=zhujian HTTP/1.1" 304 - "http://localhost:8989/" "Mozilla/5.0 (Windows NT 10.0; WOW64) AppleWebKit/537.36 (KHTML, like Gecko) Chrome/65.0.3325.181 Safari/537.36"
::1 - - [2019-5-1 23:35:0] "GET /api/getZhujian?tableName=zhujian HTTP/1.1" 304 - "http://localhost:8989/" "Mozilla/5.0 (Windows NT 10.0; WOW64) AppleWebKit/537.36 (KHTML, like Gecko) Chrome/65.0.3325.181 Safari/537.36"
::1 - - [2019-5-1 23:37:5] "GET /api/getZhujian?tableName=zhujian HTTP/1.1" 304 - "http://localhost:8989/" "Mozilla/5.0 (Windows NT 10.0; WOW64) AppleWebKit/537.36 (KHTML, like Gecko) Chrome/65.0.3325.181 Safari/537.36"
::1 - - [2019-5-1 23:41:1] "GET /api/getZhujian?tableName=zhujian HTTP/1.1" 304 - "http://localhost:8989/" "Mozilla/5.0 (Windows NT 10.0; WOW64) AppleWebKit/537.36 (KHTML, like Gecko) Chrome/65.0.3325.181 Safari/537.36"
::1 - - [2019-5-1 23:41:35] "OPTIONS /api/setDownload HTTP/1.1" 200 4 "-" "Mozilla/5.0 (Windows NT 10.0; WOW64) AppleWebKit/537.36 (KHTML, like Gecko) Chrome/65.0.3325.181 Safari/537.36"
::1 - - [2019-5-1 23:41:35] "POST /api/setDownload HTTP/1.1" 200 127 "http://localhost:8989/" "Mozilla/5.0 (Windows NT 10.0; WOW64) AppleWebKit/537.36 (KHTML, like Gecko) Chrome/65.0.3325.181 Safari/537.36"
::1 - - [2019-5-1 23:41:39] "GET /api/getZhujian?tableName=zhujian HTTP/1.1" 304 - "http://localhost:8989/" "Mozilla/5.0 (Windows NT 10.0; WOW64) AppleWebKit/537.36 (KHTML, like Gecko) Chrome/65.0.3325.181 Safari/537.36"
::1 - - [2019-5-1 23:41:45] "GET /api/getZhujian?tableName=yilai HTTP/1.1" 304 - "http://localhost:8989/" "Mozilla/5.0 (Windows NT 10.0; WOW64) AppleWebKit/537.36 (KHTML, like Gecko) Chrome/65.0.3325.181 Safari/537.36"
::1 - - [2019-5-1 23:41:47] "GET /api/getZhujian?tableName=zhujian HTTP/1.1" 304 - "http://localhost:8989/" "Mozilla/5.0 (Windows NT 10.0; WOW64) AppleWebKit/537.36 (KHTML, like Gecko) Chrome/65.0.3325.181 Safari/537.36"
::1 - - [2019-5-1 23:41:52] "OPTIONS /api/setDownload HTTP/1.1" 200 4 "-" "Mozilla/5.0 (Windows NT 10.0; WOW64) AppleWebKit/537.36 (KHTML, like Gecko) Chrome/65.0.3325.181 Safari/537.36"
::1 - - [2019-5-1 23:41:52] "POST /api/setDownload HTTP/1.1" 200 127 "http://localhost:8989/" "Mozilla/5.0 (Windows NT 10.0; WOW64) AppleWebKit/537.36 (KHTML, like Gecko) Chrome/65.0.3325.181 Safari/537.36"
::1 - - [2019-5-1 23:43:3] "GET /api/getZhujian?tableName=zhujian HTTP/1.1" 304 - "http://localhost:8989/" "Mozilla/5.0 (Windows NT 10.0; WOW64) AppleWebKit/537.36 (KHTML, like Gecko) Chrome/65.0.3325.181 Safari/537.36"
::1 - - [2019-5-1 23:43:8] "OPTIONS /api/setDownload HTTP/1.1" 200 4 "-" "Mozilla/5.0 (Windows NT 10.0; WOW64) AppleWebKit/537.36 (KHTML, like Gecko) Chrome/65.0.3325.181 Safari/537.36"
::1 - - [2019-5-1 23:43:8] "POST /api/setDownload HTTP/1.1" 200 127 "http://localhost:8989/" "Mozilla/5.0 (Windows NT 10.0; WOW64) AppleWebKit/537.36 (KHTML, like Gecko) Chrome/65.0.3325.181 Safari/537.36"
::1 - - [2019-5-1 23:44:16] "GET /api/setZhujian?tableName=zhujian HTTP/1.1" 404 1012 "http://localhost:8989/" "Mozilla/5.0 (Windows NT 10.0; WOW64) AppleWebKit/537.36 (KHTML, like Gecko) Chrome/65.0.3325.181 Safari/537.36"
::1 - - [2019-5-1 23:44:21] "GET /api/setZhujian?tableName=zhujian HTTP/1.1" 404 1012 "http://localhost:8989/" "Mozilla/5.0 (Windows NT 10.0; WOW64) AppleWebKit/537.36 (KHTML, like Gecko) Chrome/65.0.3325.181 Safari/537.36"
::1 - - [2019-5-1 23:45:12] "GET /api/getZhujian?tableName=zhujian HTTP/1.1" 304 - "http://localhost:8989/" "Mozilla/5.0 (Windows NT 10.0; WOW64) AppleWebKit/537.36 (KHTML, like Gecko) Chrome/65.0.3325.181 Safari/537.36"
::1 - - [2019-5-1 23:45:17] "OPTIONS /api/setZhujian HTTP/1.1" 200 4 "-" "Mozilla/5.0 (Windows NT 10.0; WOW64) AppleWebKit/537.36 (KHTML, like Gecko) Chrome/65.0.3325.181 Safari/537.36"
::1 - - [2019-5-1 23:45:17] "POST /api/setZhujian HTTP/1.1" 200 - "http://localhost:8989/" "Mozilla/5.0 (Windows NT 10.0; WOW64) AppleWebKit/537.36 (KHTML, like Gecko) Chrome/65.0.3325.181 Safari/537.36"
::1 - - [2019-5-1 23:45:20] "GET /api/getZhujian?tableName=zhujian HTTP/1.1" 304 - "http://localhost:8989/" "Mozilla/5.0 (Windows NT 10.0; WOW64) AppleWebKit/537.36 (KHTML, like Gecko) Chrome/65.0.3325.181 Safari/537.36"
::1 - - [2019-5-1 23:46:40] "OPTIONS /api/setZhujian HTTP/1.1" 200 4 "-" "Mozilla/5.0 (Windows NT 10.0; WOW64) AppleWebKit/537.36 (KHTML, like Gecko) Chrome/65.0.3325.181 Safari/537.36"
::1 - - [2019-5-1 23:46:40] "POST /api/setZhujian HTTP/1.1" 200 - "http://localhost:8989/" "Mozilla/5.0 (Windows NT 10.0; WOW64) AppleWebKit/537.36 (KHTML, like Gecko) Chrome/65.0.3325.181 Safari/537.36"
::1 - - [2019-5-1 23:47:8] "OPTIONS /api/setZhujian HTTP/1.1" 200 4 "-" "Mozilla/5.0 (Windows NT 10.0; WOW64) AppleWebKit/537.36 (KHTML, like Gecko) Chrome/65.0.3325.181 Safari/537.36"
::1 - - [2019-5-1 23:47:9] "POST /api/setZhujian HTTP/1.1" 200 - "http://localhost:8989/" "Mozilla/5.0 (Windows NT 10.0; WOW64) AppleWebKit/537.36 (KHTML, like Gecko) Chrome/65.0.3325.181 Safari/537.36"
::1 - - [2019-5-1 23:47:23] "GET /api/getZhujian?tableName=zhujian HTTP/1.1" 304 - "http://localhost:8989/" "Mozilla/5.0 (Windows NT 10.0; WOW64) AppleWebKit/537.36 (KHTML, like Gecko) Chrome/65.0.3325.181 Safari/537.36"
::1 - - [2019-5-1 23:48:54] "GET /api/getZhujian?tableName=zhujian HTTP/1.1" 304 - "http://localhost:8989/" "Mozilla/5.0 (Windows NT 10.0; WOW64) AppleWebKit/537.36 (KHTML, like Gecko) Chrome/65.0.3325.181 Safari/537.36"
::1 - - [2019-5-1 23:48:59] "OPTIONS /api/setZhujian HTTP/1.1" 200 4 "-" "Mozilla/5.0 (Windows NT 10.0; WOW64) AppleWebKit/537.36 (KHTML, like Gecko) Chrome/65.0.3325.181 Safari/537.36"
::1 - - [2019-5-1 23:48:59] "POST /api/setZhujian HTTP/1.1" 200 - "http://localhost:8989/" "Mozilla/5.0 (Windows NT 10.0; WOW64) AppleWebKit/537.36 (KHTML, like Gecko) Chrome/65.0.3325.181 Safari/537.36"
::1 - - [2019-5-1 23:51:3] "GET /api/getZhujian?tableName=zhujian HTTP/1.1" 304 - "http://localhost:8989/" "Mozilla/5.0 (Windows NT 10.0; WOW64) AppleWebKit/537.36 (KHTML, like Gecko) Chrome/65.0.3325.181 Safari/537.36"
::1 - - [2019-5-1 23:51:12] "OPTIONS /api/setZhujian HTTP/1.1" 200 4 "-" "Mozilla/5.0 (Windows NT 10.0; WOW64) AppleWebKit/537.36 (KHTML, like Gecko) Chrome/65.0.3325.181 Safari/537.36"
::1 - - [2019-5-1 23:51:12] "POST /api/setZhujian HTTP/1.1" 200 - "http://localhost:8989/" "Mozilla/5.0 (Windows NT 10.0; WOW64) AppleWebKit/537.36 (KHTML, like Gecko) Chrome/65.0.3325.181 Safari/537.36"
::1 - - [2019-5-1 23:52:1] "GET /api/getZhujian?tableName=zhujian HTTP/1.1" 304 - "http://localhost:8989/" "Mozilla/5.0 (Windows NT 10.0; WOW64) AppleWebKit/537.36 (KHTML, like Gecko) Chrome/65.0.3325.181 Safari/537.36"
::1 - - [2019-5-1 23:52:5] "OPTIONS /api/setZhujian HTTP/1.1" 200 4 "-" "Mozilla/5.0 (Windows NT 10.0; WOW64) AppleWebKit/537.36 (KHTML, like Gecko) Chrome/65.0.3325.181 Safari/537.36"
::1 - - [2019-5-1 23:52:5] "POST /api/setZhujian HTTP/1.1" 200 - "http://localhost:8989/" "Mozilla/5.0 (Windows NT 10.0; WOW64) AppleWebKit/537.36 (KHTML, like Gecko) Chrome/65.0.3325.181 Safari/537.36"
::1 - - [2019-5-1 23:52:16] "OPTIONS /api/setZhujian HTTP/1.1" 200 4 "-" "Mozilla/5.0 (Windows NT 10.0; WOW64) AppleWebKit/537.36 (KHTML, like Gecko) Chrome/65.0.3325.181 Safari/537.36"
::1 - - [2019-5-1 23:52:16] "POST /api/setZhujian HTTP/1.1" 200 - "http://localhost:8989/" "Mozilla/5.0 (Windows NT 10.0; WOW64) AppleWebKit/537.36 (KHTML, like Gecko) Chrome/65.0.3325.181 Safari/537.36"
::1 - - [2019-5-1 23:52:35] "OPTIONS /api/setZhujian HTTP/1.1" 200 4 "-" "Mozilla/5.0 (Windows NT 10.0; WOW64) AppleWebKit/537.36 (KHTML, like Gecko) Chrome/65.0.3325.181 Safari/537.36"
::1 - - [2019-5-1 23:52:35] "POST /api/setZhujian HTTP/1.1" 200 - "http://localhost:8989/" "Mozilla/5.0 (Windows NT 10.0; WOW64) AppleWebKit/537.36 (KHTML, like Gecko) Chrome/65.0.3325.181 Safari/537.36"
::1 - - [2019-5-1 23:55:35] "OPTIONS /api/setZhujian HTTP/1.1" 200 4 "-" "Mozilla/5.0 (Windows NT 10.0; WOW64) AppleWebKit/537.36 (KHTML, like Gecko) Chrome/65.0.3325.181 Safari/537.36"
::1 - - [2019-5-1 23:55:35] "POST /api/setZhujian HTTP/1.1" 200 - "http://localhost:8989/" "Mozilla/5.0 (Windows NT 10.0; WOW64) AppleWebKit/537.36 (KHTML, like Gecko) Chrome/65.0.3325.181 Safari/537.36"
::1 - - [2019-5-1 23:57:41] "GET /api/getDownload HTTP/1.1" 200 951 "http://localhost:8989/" "Mozilla/5.0 (Windows NT 10.0; WOW64) AppleWebKit/537.36 (KHTML, like Gecko) Chrome/65.0.3325.181 Safari/537.36"
::1 - - [2019-5-1 23:57:48] "OPTIONS /api/setDownload HTTP/1.1" 200 4 "-" "Mozilla/5.0 (Windows NT 10.0; WOW64) AppleWebKit/537.36 (KHTML, like Gecko) Chrome/65.0.3325.181 Safari/537.36"
::1 - - [2019-5-1 23:57:48] "POST /api/setDownload HTTP/1.1" 200 127 "http://localhost:8989/" "Mozilla/5.0 (Windows NT 10.0; WOW64) AppleWebKit/537.36 (KHTML, like Gecko) Chrome/65.0.3325.181 Safari/537.36"
::1 - - [2019-5-1 23:57:52] "GET /api/getDownload HTTP/1.1" 200 1001 "http://localhost:8989/" "Mozilla/5.0 (Windows NT 10.0; WOW64) AppleWebKit/537.36 (KHTML, like Gecko) Chrome/65.0.3325.181 Safari/537.36"
::1 - - [2019-5-1 23:57:59] "GET /api/getZhujian?tableName=zhujian HTTP/1.1" 304 - "http://localhost:8989/" "Mozilla/5.0 (Windows NT 10.0; WOW64) AppleWebKit/537.36 (KHTML, like Gecko) Chrome/65.0.3325.181 Safari/537.36"
::1 - - [2019-5-1 23:58:1] "GET /api/getZhujian?tableName=zhujian HTTP/1.1" 304 - "http://localhost:8989/" "Mozilla/5.0 (Windows NT 10.0; WOW64) AppleWebKit/537.36 (KHTML, like Gecko) Chrome/65.0.3325.181 Safari/537.36"
::1 - - [2019-5-1 23:58:4] "OPTIONS /api/setZhujian HTTP/1.1" 200 4 "-" "Mozilla/5.0 (Windows NT 10.0; WOW64) AppleWebKit/537.36 (KHTML, like Gecko) Chrome/65.0.3325.181 Safari/537.36"
::1 - - [2019-5-1 23:58:4] "POST /api/setZhujian HTTP/1.1" 200 - "http://localhost:8989/" "Mozilla/5.0 (Windows NT 10.0; WOW64) AppleWebKit/537.36 (KHTML, like Gecko) Chrome/65.0.3325.181 Safari/537.36"
::1 - - [2019-5-1 23:58:5] "GET /api/getDownload HTTP/1.1" 304 - "http://localhost:8989/" "Mozilla/5.0 (Windows NT 10.0; WOW64) AppleWebKit/537.36 (KHTML, like Gecko) Chrome/65.0.3325.181 Safari/537.36"
::1 - - [2019-5-1 23:58:9] "GET /api/getDownload HTTP/1.1" 304 - "http://localhost:8989/" "Mozilla/5.0 (Windows NT 10.0; WOW64) AppleWebKit/537.36 (KHTML, like Gecko) Chrome/65.0.3325.181 Safari/537.36"
::1 - - [2019-5-1 23:58:22] "GET /api/getDownload HTTP/1.1" 304 - "http://localhost:8989/" "Mozilla/5.0 (Windows NT 10.0; WOW64) AppleWebKit/537.36 (KHTML, like Gecko) Chrome/65.0.3325.181 Safari/537.36"
::1 - - [2019-5-1 23:58:42] "GET /api/getZhujian?tableName=zhujian HTTP/1.1" 304 - "http://localhost:8989/" "Mozilla/5.0 (Windows NT 10.0; WOW64) AppleWebKit/537.36 (KHTML, like Gecko) Chrome/65.0.3325.181 Safari/537.36"
::1 - - [2019-5-1 23:58:48] "GET /api/getZhujian?tableName=zhujian HTTP/1.1" 304 - "http://localhost:8989/" "Mozilla/5.0 (Windows NT 10.0; WOW64) AppleWebKit/537.36 (KHTML, like Gecko) Chrome/65.0.3325.181 Safari/537.36"
::1 - - [2019-5-2 0:0:24] "GET /api/getZhujian?tableName=zhujian HTTP/1.1" 304 - "http://localhost:8989/" "Mozilla/5.0 (Windows NT 10.0; WOW64) AppleWebKit/537.36 (KHTML, like Gecko) Chrome/65.0.3325.181 Safari/537.36"
::1 - - [2019-5-2 0:0:44] "OPTIONS /api/setZhujian HTTP/1.1" 200 4 "-" "Mozilla/5.0 (Windows NT 10.0; WOW64) AppleWebKit/537.36 (KHTML, like Gecko) Chrome/65.0.3325.181 Safari/537.36"
::1 - - [2019-5-2 0:0:44] "POST /api/setZhujian HTTP/1.1" 200 - "http://localhost:8989/" "Mozilla/5.0 (Windows NT 10.0; WOW64) AppleWebKit/537.36 (KHTML, like Gecko) Chrome/65.0.3325.181 Safari/537.36"
::1 - - [2019-5-2 0:1:9] "GET /api/setZhujian HTTP/1.1" 404 1012 "-" "Mozilla/5.0 (Windows NT 10.0; WOW64) AppleWebKit/537.36 (KHTML, like Gecko) Chrome/65.0.3325.181 Safari/537.36"
::1 - - [2019-5-2 0:1:9] "GET /stylesheets/style.css HTTP/1.1" 304 - "http://localhost:3000/api/setZhujian" "Mozilla/5.0 (Windows NT 10.0; WOW64) AppleWebKit/537.36 (KHTML, like Gecko) Chrome/65.0.3325.181 Safari/537.36"
::1 - - [2019-5-2 0:1:38] "GET /api/setZhujian HTTP/1.1" 404 1012 "-" "Mozilla/5.0 (Windows NT 10.0; WOW64) AppleWebKit/537.36 (KHTML, like Gecko) Chrome/65.0.3325.181 Safari/537.36"
::1 - - [2019-5-2 0:1:38] "GET /stylesheets/style.css HTTP/1.1" 304 - "http://localhost:3000/api/setZhujian" "Mozilla/5.0 (Windows NT 10.0; WOW64) AppleWebKit/537.36 (KHTML, like Gecko) Chrome/65.0.3325.181 Safari/537.36"
::1 - - [2019-5-2 0:1:48] "GET /api/setZhujian HTTP/1.1" 404 1012 "-" "Mozilla/5.0 (Windows NT 10.0; WOW64) AppleWebKit/537.36 (KHTML, like Gecko) Chrome/65.0.3325.181 Safari/537.36"
::1 - - [2019-5-2 0:1:48] "GET /stylesheets/style.css HTTP/1.1" 304 - "http://localhost:3000/api/setZhujian" "Mozilla/5.0 (Windows NT 10.0; WOW64) AppleWebKit/537.36 (KHTML, like Gecko) Chrome/65.0.3325.181 Safari/537.36"
::1 - - [2019-5-2 0:1:53] "GET /api/getZhujian HTTP/1.1" 200 - "-" "Mozilla/5.0 (Windows NT 10.0; WOW64) AppleWebKit/537.36 (KHTML, like Gecko) Chrome/65.0.3325.181 Safari/537.36"
::1 - - [2019-5-2 0:2:10] "GET /api/setZhujian HTTP/1.1" 404 1012 "-" "Mozilla/5.0 (Windows NT 10.0; WOW64) AppleWebKit/537.36 (KHTML, like Gecko) Chrome/65.0.3325.181 Safari/537.36"
::1 - - [2019-5-2 0:2:10] "GET /stylesheets/style.css HTTP/1.1" 304 - "http://localhost:3000/api/setZhujian" "Mozilla/5.0 (Windows NT 10.0; WOW64) AppleWebKit/537.36 (KHTML, like Gecko) Chrome/65.0.3325.181 Safari/537.36"
::1 - - [2019-5-2 0:2:37] "GET /api/setWownload HTTP/1.1" 404 1012 "-" "Mozilla/5.0 (Windows NT 10.0; WOW64) AppleWebKit/537.36 (KHTML, like Gecko) Chrome/65.0.3325.181 Safari/537.36"
::1 - - [2019-5-2 0:2:37] "GET /stylesheets/style.css HTTP/1.1" 304 - "http://localhost:3000/api/setWownload" "Mozilla/5.0 (Windows NT 10.0; WOW64) AppleWebKit/537.36 (KHTML, like Gecko) Chrome/65.0.3325.181 Safari/537.36"
::1 - - [2019-5-2 0:2:43] "GET /api/getWownload HTTP/1.1" 404 1012 "-" "Mozilla/5.0 (Windows NT 10.0; WOW64) AppleWebKit/537.36 (KHTML, like Gecko) Chrome/65.0.3325.181 Safari/537.36"
::1 - - [2019-5-2 0:2:43] "GET /stylesheets/style.css HTTP/1.1" 304 - "http://localhost:3000/api/getWownload" "Mozilla/5.0 (Windows NT 10.0; WOW64) AppleWebKit/537.36 (KHTML, like Gecko) Chrome/65.0.3325.181 Safari/537.36"
::1 - - [2019-5-2 0:2:53] "GET /api/getDownload HTTP/1.1" 304 - "-" "Mozilla/5.0 (Windows NT 10.0; WOW64) AppleWebKit/537.36 (KHTML, like Gecko) Chrome/65.0.3325.181 Safari/537.36"
::1 - - [2019-5-2 0:2:58] "GET /api/setDownload HTTP/1.1" 404 1012 "-" "Mozilla/5.0 (Windows NT 10.0; WOW64) AppleWebKit/537.36 (KHTML, like Gecko) Chrome/65.0.3325.181 Safari/537.36"
::1 - - [2019-5-2 0:2:58] "GET /stylesheets/style.css HTTP/1.1" 304 - "http://localhost:3000/api/setDownload" "Mozilla/5.0 (Windows NT 10.0; WOW64) AppleWebKit/537.36 (KHTML, like Gecko) Chrome/65.0.3325.181 Safari/537.36"
::1 - - [2019-5-2 0:5:44] "OPTIONS /api/setZhujian HTTP/1.1" 200 4 "-" "Mozilla/5.0 (Windows NT 10.0; WOW64) AppleWebKit/537.36 (KHTML, like Gecko) Chrome/65.0.3325.181 Safari/537.36"
::1 - - [2019-5-2 0:5:44] "POST /api/setZhujian HTTP/1.1" 200 - "http://localhost:8989/" "Mozilla/5.0 (Windows NT 10.0; WOW64) AppleWebKit/537.36 (KHTML, like Gecko) Chrome/65.0.3325.181 Safari/537.36"
::1 - - [2019-5-2 0:5:50] "GET /api/getDownload HTTP/1.1" 200 790 "http://localhost:8989/" "Mozilla/5.0 (Windows NT 10.0; WOW64) AppleWebKit/537.36 (KHTML, like Gecko) Chrome/65.0.3325.181 Safari/537.36"
::1 - - [2019-5-2 0:5:55] "GET /api/getDownload HTTP/1.1" 304 - "http://localhost:8989/" "Mozilla/5.0 (Windows NT 10.0; WOW64) AppleWebKit/537.36 (KHTML, like Gecko) Chrome/65.0.3325.181 Safari/537.36"
::1 - - [2019-5-2 0:6:1] "GET /api/getDownload HTTP/1.1" 304 - "http://localhost:8989/" "Mozilla/5.0 (Windows NT 10.0; WOW64) AppleWebKit/537.36 (KHTML, like Gecko) Chrome/65.0.3325.181 Safari/537.36"
::1 - - [2019-5-2 0:6:3] "OPTIONS /api/setDownload HTTP/1.1" 200 4 "-" "Mozilla/5.0 (Windows NT 10.0; WOW64) AppleWebKit/537.36 (KHTML, like Gecko) Chrome/65.0.3325.181 Safari/537.36"
::1 - - [2019-5-2 0:6:3] "POST /api/setDownload HTTP/1.1" 200 127 "http://localhost:8989/" "Mozilla/5.0 (Windows NT 10.0; WOW64) AppleWebKit/537.36 (KHTML, like Gecko) Chrome/65.0.3325.181 Safari/537.36"
::1 - - [2019-5-2 0:6:16] "OPTIONS /api/setDownload HTTP/1.1" 200 4 "-" "Mozilla/5.0 (Windows NT 10.0; WOW64) AppleWebKit/537.36 (KHTML, like Gecko) Chrome/65.0.3325.181 Safari/537.36"
::1 - - [2019-5-2 0:6:16] "POST /api/setDownload HTTP/1.1" 200 127 "http://localhost:8989/" "Mozilla/5.0 (Windows NT 10.0; WOW64) AppleWebKit/537.36 (KHTML, like Gecko) Chrome/65.0.3325.181 Safari/537.36"
::1 - - [2019-5-2 0:6:42] "GET /api/getZhujian?tableName=zhujian HTTP/1.1" 200 153 "http://localhost:8989/" "Mozilla/5.0 (Windows NT 10.0; WOW64) AppleWebKit/537.36 (KHTML, like Gecko) Chrome/65.0.3325.181 Safari/537.36"
::1 - - [2019-5-2 0:6:45] "OPTIONS /api/setZhujian HTTP/1.1" 200 4 "-" "Mozilla/5.0 (Windows NT 10.0; WOW64) AppleWebKit/537.36 (KHTML, like Gecko) Chrome/65.0.3325.181 Safari/537.36"
::1 - - [2019-5-2 0:6:45] "POST /api/setZhujian HTTP/1.1" 200 - "http://localhost:8989/" "Mozilla/5.0 (Windows NT 10.0; WOW64) AppleWebKit/537.36 (KHTML, like Gecko) Chrome/65.0.3325.181 Safari/537.36"
::1 - - [2019-5-2 0:7:2] "GET /api/getZhujian?tableName=zhujian HTTP/1.1" 304 - "http://localhost:8989/" "Mozilla/5.0 (Windows NT 10.0; WOW64) AppleWebKit/537.36 (KHTML, like Gecko) Chrome/65.0.3325.181 Safari/537.36"
::1 - - [2019-5-2 0:7:3] "OPTIONS /api/setZhujian HTTP/1.1" 200 4 "-" "Mozilla/5.0 (Windows NT 10.0; WOW64) AppleWebKit/537.36 (KHTML, like Gecko) Chrome/65.0.3325.181 Safari/537.36"
::1 - - [2019-5-2 0:7:3] "POST /api/setZhujian HTTP/1.1" 200 - "http://localhost:8989/" "Mozilla/5.0 (Windows NT 10.0; WOW64) AppleWebKit/537.36 (KHTML, like Gecko) Chrome/65.0.3325.181 Safari/537.36"
::1 - - [2019-5-2 0:9:23] "OPTIONS /api/setZhujian HTTP/1.1" 200 4 "-" "Mozilla/5.0 (Windows NT 10.0; WOW64) AppleWebKit/537.36 (KHTML, like Gecko) Chrome/65.0.3325.181 Safari/537.36"
::1 - - [2019-5-2 0:9:23] "POST /api/setZhujian HTTP/1.1" 200 - "http://localhost:8989/" "Mozilla/5.0 (Windows NT 10.0; WOW64) AppleWebKit/537.36 (KHTML, like Gecko) Chrome/65.0.3325.181 Safari/537.36"
::1 - - [2019-5-2 0:9:44] "OPTIONS /api/setZhujian HTTP/1.1" 200 4 "-" "Mozilla/5.0 (Windows NT 10.0; WOW64) AppleWebKit/537.36 (KHTML, like Gecko) Chrome/65.0.3325.181 Safari/537.36"
::1 - - [2019-5-2 0:9:44] "POST /api/setZhujian HTTP/1.1" 200 - "http://localhost:8989/" "Mozilla/5.0 (Windows NT 10.0; WOW64) AppleWebKit/537.36 (KHTML, like Gecko) Chrome/65.0.3325.181 Safari/537.36"
::1 - - [2019-5-2 0:9:58] "OPTIONS /api/setZhujian HTTP/1.1" 200 4 "-" "Mozilla/5.0 (Windows NT 10.0; WOW64) AppleWebKit/537.36 (KHTML, like Gecko) Chrome/65.0.3325.181 Safari/537.36"
::1 - - [2019-5-2 0:9:58] "POST /api/setZhujian HTTP/1.1" 200 - "http://localhost:8989/" "Mozilla/5.0 (Windows NT 10.0; WOW64) AppleWebKit/537.36 (KHTML, like Gecko) Chrome/65.0.3325.181 Safari/537.36"
::1 - - [2019-5-2 0:11:22] "GET /api/getZhujian?tableName=yilai HTTP/1.1" 304 - "http://localhost:8989/" "Mozilla/5.0 (Windows NT 10.0; WOW64) AppleWebKit/537.36 (KHTML, like Gecko) Chrome/65.0.3325.181 Safari/537.36"
::1 - - [2019-5-2 0:11:23] "GET /api/getZhujian?tableName=anzhuang HTTP/1.1" 200 - "http://localhost:8989/" "Mozilla/5.0 (Windows NT 10.0; WOW64) AppleWebKit/537.36 (KHTML, like Gecko) Chrome/65.0.3325.181 Safari/537.36"
::1 - - [2019-5-2 0:11:24] "GET /api/getZhujian?tableName=jinyan HTTP/1.1" 200 - "http://localhost:8989/" "Mozilla/5.0 (Windows NT 10.0; WOW64) AppleWebKit/537.36 (KHTML, like Gecko) Chrome/65.0.3325.181 Safari/537.36"
::1 - - [2019-5-2 0:11:25] "GET /api/getZhujian?tableName=zhujian HTTP/1.1" 200 102 "http://localhost:8989/" "Mozilla/5.0 (Windows NT 10.0; WOW64) AppleWebKit/537.36 (KHTML, like Gecko) Chrome/65.0.3325.181 Safari/537.36"
::1 - - [2019-5-2 0:11:26] "GET /api/getZhujian?tableName=jinyan HTTP/1.1" 200 - "http://localhost:8989/" "Mozilla/5.0 (Windows NT 10.0; WOW64) AppleWebKit/537.36 (KHTML, like Gecko) Chrome/65.0.3325.181 Safari/537.36"
::1 - - [2019-5-2 0:11:28] "GET /api/getZhujian?tableName=anzhuang HTTP/1.1" 200 - "http://localhost:8989/" "Mozilla/5.0 (Windows NT 10.0; WOW64) AppleWebKit/537.36 (KHTML, like Gecko) Chrome/65.0.3325.181 Safari/537.36"
::1 - - [2019-5-2 0:11:29] "GET /api/getZhujian?tableName=jinyan HTTP/1.1" 200 - "http://localhost:8989/" "Mozilla/5.0 (Windows NT 10.0; WOW64) AppleWebKit/537.36 (KHTML, like Gecko) Chrome/65.0.3325.181 Safari/537.36"
::1 - - [2019-5-2 0:11:31] "GET /api/getZhujian?tableName=yilai HTTP/1.1" 304 - "http://localhost:8989/" "Mozilla/5.0 (Windows NT 10.0; WOW64) AppleWebKit/537.36 (KHTML, like Gecko) Chrome/65.0.3325.181 Safari/537.36"
::1 - - [2019-5-2 0:11:32] "GET /api/getZhujian?tableName=zhujian HTTP/1.1" 304 - "http://localhost:8989/" "Mozilla/5.0 (Windows NT 10.0; WOW64) AppleWebKit/537.36 (KHTML, like Gecko) Chrome/65.0.3325.181 Safari/537.36"
::1 - - [2019-5-2 0:12:42] "GET /api/setDownload HTTP/1.1" 404 1012 "-" "Mozilla/5.0 (Windows NT 10.0; WOW64) AppleWebKit/537.36 (KHTML, like Gecko) Chrome/65.0.3325.181 Safari/537.36"
::1 - - [2019-5-2 0:12:42] "GET /stylesheets/style.css HTTP/1.1" 304 - "http://localhost:3000/api/setDownload" "Mozilla/5.0 (Windows NT 10.0; WOW64) AppleWebKit/537.36 (KHTML, like Gecko) Chrome/65.0.3325.181 Safari/537.36"
::1 - - [2019-5-2 0:12:49] "GET /api/getDownload HTTP/1.1" 200 882 "-" "Mozilla/5.0 (Windows NT 10.0; WOW64) AppleWebKit/537.36 (KHTML, like Gecko) Chrome/65.0.3325.181 Safari/537.36"
::1 - - [2019-5-2 0:13:15] "GET /api/getDownload HTTP/1.1" 304 - "http://localhost:8989/" "Mozilla/5.0 (Windows NT 10.0; WOW64) AppleWebKit/537.36 (KHTML, like Gecko) Chrome/65.0.3325.181 Safari/537.36"
::1 - - [2019-5-2 0:13:18] "OPTIONS /api/setDownload HTTP/1.1" 200 4 "-" "Mozilla/5.0 (Windows NT 10.0; WOW64) AppleWebKit/537.36 (KHTML, like Gecko) Chrome/65.0.3325.181 Safari/537.36"
::1 - - [2019-5-2 0:13:18] "POST /api/setDownload HTTP/1.1" 200 127 "http://localhost:8989/" "Mozilla/5.0 (Windows NT 10.0; WOW64) AppleWebKit/537.36 (KHTML, like Gecko) Chrome/65.0.3325.181 Safari/537.36"
::1 - - [2019-5-2 0:13:28] "GET /api/getZhujian?tableName=zhujian HTTP/1.1" 304 - "http://localhost:8989/" "Mozilla/5.0 (Windows NT 10.0; WOW64) AppleWebKit/537.36 (KHTML, like Gecko) Chrome/65.0.3325.181 Safari/537.36"
::1 - - [2019-5-2 0:13:30] "OPTIONS /api/setZhujian HTTP/1.1" 200 4 "-" "Mozilla/5.0 (Windows NT 10.0; WOW64) AppleWebKit/537.36 (KHTML, like Gecko) Chrome/65.0.3325.181 Safari/537.36"
::1 - - [2019-5-2 0:13:30] "POST /api/setZhujian HTTP/1.1" 200 - "http://localhost:8989/" "Mozilla/5.0 (Windows NT 10.0; WOW64) AppleWebKit/537.36 (KHTML, like Gecko) Chrome/65.0.3325.181 Safari/537.36"
::1 - - [2019-5-2 0:13:58] "OPTIONS /api/setZhujian HTTP/1.1" 200 4 "-" "Mozilla/5.0 (Windows NT 10.0; WOW64) AppleWebKit/537.36 (KHTML, like Gecko) Chrome/65.0.3325.181 Safari/537.36"
::1 - - [2019-5-2 0:13:58] "POST /api/setZhujian HTTP/1.1" 200 - "http://localhost:8989/" "Mozilla/5.0 (Windows NT 10.0; WOW64) AppleWebKit/537.36 (KHTML, like Gecko) Chrome/65.0.3325.181 Safari/537.36"
::1 - - [2019-5-2 0:14:4] "GET /api/getZhujian?tableName=zhujian HTTP/1.1" 304 - "http://localhost:8989/" "Mozilla/5.0 (Windows NT 10.0; WOW64) AppleWebKit/537.36 (KHTML, like Gecko) Chrome/65.0.3325.181 Safari/537.36"
::1 - - [2019-5-2 0:15:27] "OPTIONS /api/setZhujian HTTP/1.1" 200 4 "-" "Mozilla/5.0 (Windows NT 10.0; WOW64) AppleWebKit/537.36 (KHTML, like Gecko) Chrome/65.0.3325.181 Safari/537.36"
::1 - - [2019-5-2 0:15:27] "POST /api/setZhujian HTTP/1.1" 200 - "http://localhost:8989/" "Mozilla/5.0 (Windows NT 10.0; WOW64) AppleWebKit/537.36 (KHTML, like Gecko) Chrome/65.0.3325.181 Safari/537.36"
::1 - - [2019-5-2 0:22:17] "OPTIONS /api/setZhujian HTTP/1.1" 200 4 "-" "Mozilla/5.0 (Windows NT 10.0; WOW64) AppleWebKit/537.36 (KHTML, like Gecko) Chrome/65.0.3325.181 Safari/537.36"
::1 - - [2019-5-2 0:22:17] "POST /api/setZhujian HTTP/1.1" 200 127 "http://localhost:8989/" "Mozilla/5.0 (Windows NT 10.0; WOW64) AppleWebKit/537.36 (KHTML, like Gecko) Chrome/65.0.3325.181 Safari/537.36"
::1 - - [2019-5-2 0:22:33] "GET /api/getZhujian?tableName=zhujian HTTP/1.1" 200 256 "http://localhost:8989/" "Mozilla/5.0 (Windows NT 10.0; WOW64) AppleWebKit/537.36 (KHTML, like Gecko) Chrome/65.0.3325.181 Safari/537.36"
::1 - - [2019-5-2 0:22:43] "GET /api/getDownload HTTP/1.1" 200 928 "http://localhost:8989/" "Mozilla/5.0 (Windows NT 10.0; WOW64) AppleWebKit/537.36 (KHTML, like Gecko) Chrome/65.0.3325.181 Safari/537.36"
::1 - - [2019-5-2 0:22:51] "GET /api/getZhujian?tableName=zhujian HTTP/1.1" 304 - "http://localhost:8989/" "Mozilla/5.0 (Windows NT 10.0; WOW64) AppleWebKit/537.36 (KHTML, like Gecko) Chrome/65.0.3325.181 Safari/537.36"
::1 - - [2019-5-2 0:33:9] "GET /api/getZhujian?tableName=zhujian HTTP/1.1" 304 - "http://localhost:8989/" "Mozilla/5.0 (Windows NT 10.0; WOW64) AppleWebKit/537.36 (KHTML, like Gecko) Chrome/65.0.3325.181 Safari/537.36"
::1 - - [2019-5-2 0:36:37] "GET /api/getUsername?username=dydwang HTTP/1.1" 200 2 "http://localhost:8989/" "Mozilla/5.0 (Windows NT 10.0; WOW64) AppleWebKit/537.36 (KHTML, like Gecko) Chrome/65.0.3325.181 Safari/537.36"
::1 - - [2019-5-2 0:36:45] "GET /api/getUsername?username=dydwang HTTP/1.1" 304 - "http://localhost:8989/" "Mozilla/5.0 (Windows NT 10.0; WOW64) AppleWebKit/537.36 (KHTML, like Gecko) Chrome/65.0.3325.181 Safari/537.36"
::1 - - [2019-5-2 0:37:18] "GET /api/getUsername?username=dydwang HTTP/1.1" 304 - "http://localhost:8989/" "Mozilla/5.0 (Windows NT 10.0; WOW64) AppleWebKit/537.36 (KHTML, like Gecko) Chrome/65.0.3325.181 Safari/537.36"
::1 - - [2019-5-2 0:37:21] "GET /api/getUsername?username=dydwang HTTP/1.1" 304 - "http://localhost:8989/" "Mozilla/5.0 (Windows NT 10.0; WOW64) AppleWebKit/537.36 (KHTML, like Gecko) Chrome/65.0.3325.181 Safari/537.36"
::1 - - [2019-5-2 0:37:36] "GET /api/getUsername?username=dydwang HTTP/1.1" 304 - "http://localhost:8989/" "Mozilla/5.0 (Windows NT 10.0; WOW64) AppleWebKit/537.36 (KHTML, like Gecko) Chrome/65.0.3325.181 Safari/537.36"
::1 - - [2019-5-2 0:37:37] "GET /api/getUsername?username=dydwang HTTP/1.1" 304 - "http://localhost:8989/" "Mozilla/5.0 (Windows NT 10.0; WOW64) AppleWebKit/537.36 (KHTML, like Gecko) Chrome/65.0.3325.181 Safari/537.36"
::1 - - [2019-5-2 0:37:40] "GET /api/getUsername?username=dydwang HTTP/1.1" 304 - "http://localhost:8989/" "Mozilla/5.0 (Windows NT 10.0; WOW64) AppleWebKit/537.36 (KHTML, like Gecko) Chrome/65.0.3325.181 Safari/537.36"
::1 - - [2019-5-2 0:37:53] "GET /api/getDownload HTTP/1.1" 304 - "http://localhost:8989/" "Mozilla/5.0 (Windows NT 10.0; WOW64) AppleWebKit/537.36 (KHTML, like Gecko) Chrome/65.0.3325.181 Safari/537.36"
::1 - - [2019-5-2 0:37:54] "GET /api/getZhujian?tableName=zhujian HTTP/1.1" 304 - "http://localhost:8989/" "Mozilla/5.0 (Windows NT 10.0; WOW64) AppleWebKit/537.36 (KHTML, like Gecko) Chrome/65.0.3325.181 Safari/537.36"
::1 - - [2019-5-2 1:34:59] "GET /api/getZhujian?tableName=zhujian HTTP/1.1" 304 - "http://localhost:8989/" "Mozilla/5.0 (Windows NT 10.0; WOW64) AppleWebKit/537.36 (KHTML, like Gecko) Chrome/65.0.3325.181 Safari/537.36"
::1 - - [2019-5-2 1:38:1] "GET /api/getZhujian?tableName=zhujian HTTP/1.1" 304 - "http://39.108.162.102:3001/" "Mozilla/5.0 (Windows NT 10.0; WOW64) AppleWebKit/537.36 (KHTML, like Gecko) Chrome/65.0.3325.181 Safari/537.36"
::1 - - [2019-5-2 1:38:6] "GET /api/getZhujian?tableName=zhujian HTTP/1.1" 304 - "http://39.108.162.102:3001/" "Mozilla/5.0 (Windows NT 10.0; WOW64) AppleWebKit/537.36 (KHTML, like Gecko) Chrome/65.0.3325.181 Safari/537.36"
::1 - - [2019-5-2 1:38:10] "GET /api/getZhujian?tableName=yilai HTTP/1.1" 304 - "http://39.108.162.102:3001/" "Mozilla/5.0 (Windows NT 10.0; WOW64) AppleWebKit/537.36 (KHTML, like Gecko) Chrome/65.0.3325.181 Safari/537.36"
